Analysis & Synthesis report for lab5
Fri Oct 27 16:02:38 2017
Quartus II Version 9.1 Build 222 10/21/2009 SJ Web Edition


---------------------
; Table of Contents ;
---------------------
  1. Legal Notice
  2. Analysis & Synthesis Summary
  3. Analysis & Synthesis Settings
  4. Parallel Compilation
  5. Analysis & Synthesis Source Files Read
  6. Analysis & Synthesis Resource Usage Summary
  7. Analysis & Synthesis Resource Utilization by Entity
  8. General Register Statistics
  9. Source assignments for DeviceLevel1:inst|lpm_counter0:inst|lpm_counter:lpm_counter_component
 10. Source assignments for DeviceLevel2:inst7|lpm_counter0:inst|lpm_counter:lpm_counter_component
 11. Source assignments for DeviceLevel2:inst4|lpm_counter0:inst|lpm_counter:lpm_counter_component
 12. Source assignments for DeviceLevel1:inst10|lpm_counter0:inst|lpm_counter:lpm_counter_component
 13. Parameter Settings for User Entity Instance: DeviceLevel1:inst|lpm_compare0:inst8|lpm_compare:lpm_compare_component
 14. Parameter Settings for User Entity Instance: DeviceLevel1:inst|lpm_counter0:inst|lpm_counter:lpm_counter_component
 15. Parameter Settings for User Entity Instance: DeviceLevel1:inst|lpm_bustri0:inst2|lpm_bustri:lpm_bustri_component
 16. Parameter Settings for User Entity Instance: DeviceLevel2:inst7|lpm_compare0:inst8|lpm_compare:lpm_compare_component
 17. Parameter Settings for User Entity Instance: DeviceLevel2:inst7|lpm_counter0:inst|lpm_counter:lpm_counter_component
 18. Parameter Settings for User Entity Instance: DeviceLevel2:inst7|lpm_bustri0:inst2|lpm_bustri:lpm_bustri_component
 19. Parameter Settings for User Entity Instance: DeviceLevel2:inst4|lpm_compare0:inst8|lpm_compare:lpm_compare_component
 20. Parameter Settings for User Entity Instance: DeviceLevel2:inst4|lpm_counter0:inst|lpm_counter:lpm_counter_component
 21. Parameter Settings for User Entity Instance: DeviceLevel2:inst4|lpm_bustri0:inst2|lpm_bustri:lpm_bustri_component
 22. Parameter Settings for User Entity Instance: lpm_constant1:inst3|lpm_constant:lpm_constant_component
 23. Parameter Settings for User Entity Instance: lpm_constant2:inst5|lpm_constant:lpm_constant_component
 24. Parameter Settings for User Entity Instance: lpm_constant0:inst6|lpm_constant:lpm_constant_component
 25. Parameter Settings for User Entity Instance: DeviceLevel1:inst10|lpm_compare0:inst8|lpm_compare:lpm_compare_component
 26. Parameter Settings for User Entity Instance: DeviceLevel1:inst10|lpm_counter0:inst|lpm_counter:lpm_counter_component
 27. Parameter Settings for User Entity Instance: DeviceLevel1:inst10|lpm_bustri0:inst2|lpm_bustri:lpm_bustri_component
 28. Parameter Settings for User Entity Instance: lpm_constant3:inst9|lpm_constant:lpm_constant_component
 29. Analysis & Synthesis Messages



----------------
; Legal Notice ;
----------------
Copyright (C) 1991-2009 Altera Corporation
Your use of Altera Corporation's design tools, logic functions 
and other software and tools, and its AMPP partner logic 
functions, and any output files from any of the foregoing 
(including device programming or simulation files), and any 
associated documentation or information are expressly subject 
to the terms and conditions of the Altera Program License 
Subscription Agreement, Altera MegaCore Function License 
Agreement, or other applicable license agreement, including, 
without limitation, that your use is for the sole purpose of 
programming logic devices manufactured by Altera and sold by 
Altera or its authorized distributors.  Please refer to the 
applicable agreement for further details.



+-------------------------------------------------------------------------+
; Analysis & Synthesis Summary                                            ;
+-------------------------------+-----------------------------------------+
; Analysis & Synthesis Status   ; Successful - Fri Oct 27 16:02:38 2017   ;
; Quartus II Version            ; 9.1 Build 222 10/21/2009 SJ Web Edition ;
; Revision Name                 ; lab5                                    ;
; Top-level Entity Name         ; Main                                    ;
; Family                        ; Stratix II                              ;
; Logic utilization             ; N/A                                     ;
;     Combinational ALUTs       ; 28                                      ;
;     Dedicated logic registers ; 16                                      ;
; Total registers               ; 16                                      ;
; Total pins                    ; 25                                      ;
; Total virtual pins            ; 0                                       ;
; Total block memory bits       ; 0                                       ;
; DSP block 9-bit elements      ; 0                                       ;
; Total PLLs                    ; 0                                       ;
; Total DLLs                    ; 0                                       ;
+-------------------------------+-----------------------------------------+


+----------------------------------------------------------------------------------------------------------------------+
; Analysis & Synthesis Settings                                                                                        ;
+----------------------------------------------------------------------------+--------------------+--------------------+
; Option                                                                     ; Setting            ; Default Value      ;
+----------------------------------------------------------------------------+--------------------+--------------------+
; Top-level entity name                                                      ; Main               ; lab5               ;
; Family name                                                                ; Stratix II         ; Stratix II         ;
; Use Generated Physical Constraints File                                    ; Off                ;                    ;
; Use smart compilation                                                      ; Off                ; Off                ;
; Enable parallel Assembler and TimeQuest Timing Analyzer during compilation ; On                 ; On                 ;
; Enable compact report table                                                ; Off                ; Off                ;
; Restructure Multiplexers                                                   ; Auto               ; Auto               ;
; Create Debugging Nodes for IP Cores                                        ; Off                ; Off                ;
; Preserve fewer node names                                                  ; On                 ; On                 ;
; Disable OpenCore Plus hardware evaluation                                  ; Off                ; Off                ;
; Verilog Version                                                            ; Verilog_2001       ; Verilog_2001       ;
; VHDL Version                                                               ; VHDL_1993          ; VHDL_1993          ;
; State Machine Processing                                                   ; Auto               ; Auto               ;
; Safe State Machine                                                         ; Off                ; Off                ;
; Extract Verilog State Machines                                             ; On                 ; On                 ;
; Extract VHDL State Machines                                                ; On                 ; On                 ;
; Ignore Verilog initial constructs                                          ; Off                ; Off                ;
; Iteration limit for constant Verilog loops                                 ; 5000               ; 5000               ;
; Iteration limit for non-constant Verilog loops                             ; 250                ; 250                ;
; Add Pass-Through Logic to Inferred RAMs                                    ; On                 ; On                 ;
; Parallel Synthesis                                                         ; On                 ; On                 ;
; DSP Block Balancing                                                        ; Auto               ; Auto               ;
; NOT Gate Push-Back                                                         ; On                 ; On                 ;
; Power-Up Don't Care                                                        ; On                 ; On                 ;
; Remove Redundant Logic Cells                                               ; Off                ; Off                ;
; Remove Duplicate Registers                                                 ; On                 ; On                 ;
; Ignore CARRY Buffers                                                       ; Off                ; Off                ;
; Ignore CASCADE Buffers                                                     ; Off                ; Off                ;
; Ignore GLOBAL Buffers                                                      ; Off                ; Off                ;
; Ignore ROW GLOBAL Buffers                                                  ; Off                ; Off                ;
; Ignore LCELL Buffers                                                       ; Off                ; Off                ;
; Ignore SOFT Buffers                                                        ; On                 ; On                 ;
; Limit AHDL Integers to 32 Bits                                             ; Off                ; Off                ;
; Optimization Technique                                                     ; Balanced           ; Balanced           ;
; Carry Chain Length                                                         ; 70                 ; 70                 ;
; Auto Carry Chains                                                          ; On                 ; On                 ;
; Auto Open-Drain Pins                                                       ; On                 ; On                 ;
; Perform WYSIWYG Primitive Resynthesis                                      ; Off                ; Off                ;
; Auto ROM Replacement                                                       ; On                 ; On                 ;
; Auto RAM Replacement                                                       ; On                 ; On                 ;
; Auto DSP Block Replacement                                                 ; On                 ; On                 ;
; Auto Shift Register Replacement                                            ; Auto               ; Auto               ;
; Auto Clock Enable Replacement                                              ; On                 ; On                 ;
; Strict RAM Replacement                                                     ; Off                ; Off                ;
; Allow Synchronous Control Signals                                          ; On                 ; On                 ;
; Force Use of Synchronous Clear Signals                                     ; Off                ; Off                ;
; Auto RAM Block Balancing                                                   ; On                 ; On                 ;
; Auto RAM to Logic Cell Conversion                                          ; Off                ; Off                ;
; Auto Resource Sharing                                                      ; Off                ; Off                ;
; Allow Any RAM Size For Recognition                                         ; Off                ; Off                ;
; Allow Any ROM Size For Recognition                                         ; Off                ; Off                ;
; Allow Any Shift Register Size For Recognition                              ; Off                ; Off                ;
; Use LogicLock Constraints during Resource Balancing                        ; On                 ; On                 ;
; Ignore translate_off and synthesis_off directives                          ; Off                ; Off                ;
; Timing-Driven Synthesis                                                    ; Off                ; Off                ;
; Show Parameter Settings Tables in Synthesis Report                         ; On                 ; On                 ;
; Ignore Maximum Fan-Out Assignments                                         ; Off                ; Off                ;
; Synchronization Register Chain Length                                      ; 2                  ; 2                  ;
; PowerPlay Power Optimization                                               ; Normal compilation ; Normal compilation ;
; HDL message level                                                          ; Level2             ; Level2             ;
; Suppress Register Optimization Related Messages                            ; Off                ; Off                ;
; Number of Removed Registers Reported in Synthesis Report                   ; 100                ; 100                ;
; Number of Inverted Registers Reported in Synthesis Report                  ; 100                ; 100                ;
; Clock MUX Protection                                                       ; On                 ; On                 ;
; Auto Gated Clock Conversion                                                ; Off                ; Off                ;
; Block Design Naming                                                        ; Auto               ; Auto               ;
; SDC constraint protection                                                  ; Off                ; Off                ;
; Synthesis Effort                                                           ; Auto               ; Auto               ;
; Shift Register Replacement - Allow Asynchronous Clear Signal               ; On                 ; On                 ;
; Analysis & Synthesis Message Level                                         ; Medium             ; Medium             ;
; Disable Register Merging Across Hierarchies                                ; Auto               ; Auto               ;
; Resource Aware Inference For Block RAM                                     ; On                 ; On                 ;
+----------------------------------------------------------------------------+--------------------+--------------------+


Parallel compilation was disabled, but you have multiple processors available. Enable parallel compilation to reduce compilation time.
+-------------------------------------+
; Parallel Compilation                ;
+----------------------------+--------+
; Processors                 ; Number ;
+----------------------------+--------+
; Number detected on machine ; 4      ;
; Maximum allowed            ; 1      ;
+----------------------------+--------+


+---------------------------------------------------------------------------------------------------------------------------------------------------------+
; Analysis & Synthesis Source Files Read                                                                                                                  ;
+----------------------------------+-----------------+------------------------------------+---------------------------------------------------------------+
; File Name with User-Entered Path ; Used in Netlist ; File Type                          ; File Name with Absolute Path                                  ;
+----------------------------------+-----------------+------------------------------------+---------------------------------------------------------------+
; lpm_counter0.vhd                 ; yes             ; User Wizard-Generated File         ; G:/Archive/Quartus projects/lab-5/lpm_counter0.vhd            ;
; lpm_bustri0.vhd                  ; yes             ; User Wizard-Generated File         ; G:/Archive/Quartus projects/lab-5/lpm_bustri0.vhd             ;
; Arbitrator.bdf                   ; yes             ; User Block Diagram/Schematic File  ; G:/Archive/Quartus projects/lab-5/Arbitrator.bdf              ;
; Main.bdf                         ; yes             ; User Block Diagram/Schematic File  ; G:/Archive/Quartus projects/lab-5/Main.bdf                    ;
; lpm_constant0.vhd                ; yes             ; User Wizard-Generated File         ; G:/Archive/Quartus projects/lab-5/lpm_constant0.vhd           ;
; lpm_constant1.vhd                ; yes             ; User Wizard-Generated File         ; G:/Archive/Quartus projects/lab-5/lpm_constant1.vhd           ;
; lpm_compare0.vhd                 ; yes             ; User Wizard-Generated File         ; G:/Archive/Quartus projects/lab-5/lpm_compare0.vhd            ;
; DeviceLevel1.bdf                 ; yes             ; User Block Diagram/Schematic File  ; G:/Archive/Quartus projects/lab-5/DeviceLevel1.bdf            ;
; DeviceLevel2.bdf                 ; yes             ; User Block Diagram/Schematic File  ; G:/Archive/Quartus projects/lab-5/DeviceLevel2.bdf            ;
; lpm_constant2.vhd                ; yes             ; User Wizard-Generated File         ; G:/Archive/Quartus projects/lab-5/lpm_constant2.vhd           ;
; lpm_constant3.vhd                ; yes             ; User Wizard-Generated File         ; G:/Archive/Quartus projects/lab-5/lpm_constant3.vhd           ;
; lpm_compare.tdf                  ; yes             ; Megafunction                       ; c:/altera/91/quartus/libraries/megafunctions/lpm_compare.tdf  ;
; db/cmpr_big.tdf                  ; yes             ; Auto-Generated Megafunction        ; G:/Archive/Quartus projects/lab-5/db/cmpr_big.tdf             ;
; lpm_counter.tdf                  ; yes             ; Megafunction                       ; c:/altera/91/quartus/libraries/megafunctions/lpm_counter.tdf  ;
; db/cntr_l4i.tdf                  ; yes             ; Auto-Generated Megafunction        ; G:/Archive/Quartus projects/lab-5/db/cntr_l4i.tdf             ;
; lpm_bustri.tdf                   ; yes             ; Megafunction                       ; c:/altera/91/quartus/libraries/megafunctions/lpm_bustri.tdf   ;
; lpm_constant.tdf                 ; yes             ; Megafunction                       ; c:/altera/91/quartus/libraries/megafunctions/lpm_constant.tdf ;
+----------------------------------+-----------------+------------------------------------+---------------------------------------------------------------+


+-------------------------------------------------------+
; Analysis & Synthesis Resource Usage Summary           ;
+-----------------------------------------------+-------+
; Resource                                      ; Usage ;
+-----------------------------------------------+-------+
; Estimated ALUTs Used                          ; 28    ;
; Dedicated logic registers                     ; 16    ;
;                                               ;       ;
; Estimated ALUTs Unavailable                   ; 3     ;
;                                               ;       ;
; Total combinational functions                 ; 28    ;
; Combinational ALUT usage by number of inputs  ;       ;
;     -- 7 input functions                      ; 0     ;
;     -- 6 input functions                      ; 3     ;
;     -- 5 input functions                      ; 2     ;
;     -- 4 input functions                      ; 4     ;
;     -- <=3 input functions                    ; 19    ;
;                                               ;       ;
; Combinational ALUTs by mode                   ;       ;
;     -- normal mode                            ; 12    ;
;     -- extended LUT mode                      ; 0     ;
;     -- arithmetic mode                        ; 16    ;
;     -- shared arithmetic mode                 ; 0     ;
;                                               ;       ;
; Estimated ALUT/register pairs used            ; 31    ;
;                                               ;       ;
; Total registers                               ; 16    ;
;     -- Dedicated logic registers              ; 16    ;
;     -- I/O registers                          ; 0     ;
;                                               ;       ;
; Estimated ALMs:  partially or completely used ; 16    ;
;                                               ;       ;
; I/O pins                                      ; 25    ;
; Maximum fan-out node                          ; clk   ;
; Maximum fan-out                               ; 16    ;
; Total fan-out                                 ; 124   ;
; Average fan-out                               ; 1.80  ;
+-----------------------------------------------+-------+


+----------------------------------------------------------------------------------------------------------------------------------------------------------------------------------------------------------------------------------------------------------------------------------------------------+
; Analysis & Synthesis Resource Utilization by Entity                                                                                                                                                                                                                                                ;
+----------------------------------------------+-------------------+--------------+-------------------+--------------+---------+-----------+-----------+------+--------------+--------------------------------------------------------------------------------------------------------+--------------+
; Compilation Hierarchy Node                   ; LC Combinationals ; LC Registers ; Block Memory Bits ; DSP Elements ; DSP 9x9 ; DSP 18x18 ; DSP 36x36 ; Pins ; Virtual Pins ; Full Hierarchy Name                                                                                    ; Library Name ;
+----------------------------------------------+-------------------+--------------+-------------------+--------------+---------+-----------+-----------+------+--------------+--------------------------------------------------------------------------------------------------------+--------------+
; |Main                                        ; 28 (0)            ; 16 (0)       ; 0                 ; 0            ; 0       ; 0         ; 0         ; 25   ; 0            ; |Main                                                                                                  ; work         ;
;    |DeviceLevel1:inst10|                     ; 6 (0)             ; 4 (0)        ; 0                 ; 0            ; 0       ; 0         ; 0         ; 0    ; 0            ; |Main|DeviceLevel1:inst10                                                                              ; work         ;
;       |lpm_compare0:inst8|                   ; 2 (0)             ; 0 (0)        ; 0                 ; 0            ; 0       ; 0         ; 0         ; 0    ; 0            ; |Main|DeviceLevel1:inst10|lpm_compare0:inst8                                                           ; work         ;
;          |lpm_compare:lpm_compare_component| ; 2 (0)             ; 0 (0)        ; 0                 ; 0            ; 0       ; 0         ; 0         ; 0    ; 0            ; |Main|DeviceLevel1:inst10|lpm_compare0:inst8|lpm_compare:lpm_compare_component                         ; work         ;
;             |cmpr_big:auto_generated|        ; 2 (2)             ; 0 (0)        ; 0                 ; 0            ; 0       ; 0         ; 0         ; 0    ; 0            ; |Main|DeviceLevel1:inst10|lpm_compare0:inst8|lpm_compare:lpm_compare_component|cmpr_big:auto_generated ; work         ;
;       |lpm_counter0:inst|                    ; 4 (0)             ; 4 (0)        ; 0                 ; 0            ; 0       ; 0         ; 0         ; 0    ; 0            ; |Main|DeviceLevel1:inst10|lpm_counter0:inst                                                            ; work         ;
;          |lpm_counter:lpm_counter_component| ; 4 (0)             ; 4 (0)        ; 0                 ; 0            ; 0       ; 0         ; 0         ; 0    ; 0            ; |Main|DeviceLevel1:inst10|lpm_counter0:inst|lpm_counter:lpm_counter_component                          ; work         ;
;             |cntr_l4i:auto_generated|        ; 4 (4)             ; 4 (4)        ; 0                 ; 0            ; 0       ; 0         ; 0         ; 0    ; 0            ; |Main|DeviceLevel1:inst10|lpm_counter0:inst|lpm_counter:lpm_counter_component|cntr_l4i:auto_generated  ; work         ;
;    |DeviceLevel1:inst|                       ; 7 (0)             ; 4 (0)        ; 0                 ; 0            ; 0       ; 0         ; 0         ; 0    ; 0            ; |Main|DeviceLevel1:inst                                                                                ;              ;
;       |lpm_bustri0:inst2|                    ; 1 (0)             ; 0 (0)        ; 0                 ; 0            ; 0       ; 0         ; 0         ; 0    ; 0            ; |Main|DeviceLevel1:inst|lpm_bustri0:inst2                                                              ; work         ;
;          |lpm_bustri:lpm_bustri_component|   ; 1 (1)             ; 0 (0)        ; 0                 ; 0            ; 0       ; 0         ; 0         ; 0    ; 0            ; |Main|DeviceLevel1:inst|lpm_bustri0:inst2|lpm_bustri:lpm_bustri_component                              ; work         ;
;       |lpm_compare0:inst8|                   ; 2 (0)             ; 0 (0)        ; 0                 ; 0            ; 0       ; 0         ; 0         ; 0    ; 0            ; |Main|DeviceLevel1:inst|lpm_compare0:inst8                                                             ; work         ;
;          |lpm_compare:lpm_compare_component| ; 2 (0)             ; 0 (0)        ; 0                 ; 0            ; 0       ; 0         ; 0         ; 0    ; 0            ; |Main|DeviceLevel1:inst|lpm_compare0:inst8|lpm_compare:lpm_compare_component                           ; work         ;
;             |cmpr_big:auto_generated|        ; 2 (2)             ; 0 (0)        ; 0                 ; 0            ; 0       ; 0         ; 0         ; 0    ; 0            ; |Main|DeviceLevel1:inst|lpm_compare0:inst8|lpm_compare:lpm_compare_component|cmpr_big:auto_generated   ; work         ;
;       |lpm_counter0:inst|                    ; 4 (0)             ; 4 (0)        ; 0                 ; 0            ; 0       ; 0         ; 0         ; 0    ; 0            ; |Main|DeviceLevel1:inst|lpm_counter0:inst                                                              ; work         ;
;          |lpm_counter:lpm_counter_component| ; 4 (0)             ; 4 (0)        ; 0                 ; 0            ; 0       ; 0         ; 0         ; 0    ; 0            ; |Main|DeviceLevel1:inst|lpm_counter0:inst|lpm_counter:lpm_counter_component                            ; work         ;
;             |cntr_l4i:auto_generated|        ; 4 (4)             ; 4 (4)        ; 0                 ; 0            ; 0       ; 0         ; 0         ; 0    ; 0            ; |Main|DeviceLevel1:inst|lpm_counter0:inst|lpm_counter:lpm_counter_component|cntr_l4i:auto_generated    ; work         ;
;    |DeviceLevel2:inst4|                      ; 7 (0)             ; 4 (0)        ; 0                 ; 0            ; 0       ; 0         ; 0         ; 0    ; 0            ; |Main|DeviceLevel2:inst4                                                                               ; work         ;
;       |lpm_bustri0:inst2|                    ; 1 (0)             ; 0 (0)        ; 0                 ; 0            ; 0       ; 0         ; 0         ; 0    ; 0            ; |Main|DeviceLevel2:inst4|lpm_bustri0:inst2                                                             ; work         ;
;          |lpm_bustri:lpm_bustri_component|   ; 1 (1)             ; 0 (0)        ; 0                 ; 0            ; 0       ; 0         ; 0         ; 0    ; 0            ; |Main|DeviceLevel2:inst4|lpm_bustri0:inst2|lpm_bustri:lpm_bustri_component                             ; work         ;
;       |lpm_compare0:inst8|                   ; 2 (0)             ; 0 (0)        ; 0                 ; 0            ; 0       ; 0         ; 0         ; 0    ; 0            ; |Main|DeviceLevel2:inst4|lpm_compare0:inst8                                                            ; work         ;
;          |lpm_compare:lpm_compare_component| ; 2 (0)             ; 0 (0)        ; 0                 ; 0            ; 0       ; 0         ; 0         ; 0    ; 0            ; |Main|DeviceLevel2:inst4|lpm_compare0:inst8|lpm_compare:lpm_compare_component                          ; work         ;
;             |cmpr_big:auto_generated|        ; 2 (2)             ; 0 (0)        ; 0                 ; 0            ; 0       ; 0         ; 0         ; 0    ; 0            ; |Main|DeviceLevel2:inst4|lpm_compare0:inst8|lpm_compare:lpm_compare_component|cmpr_big:auto_generated  ; work         ;
;       |lpm_counter0:inst|                    ; 4 (0)             ; 4 (0)        ; 0                 ; 0            ; 0       ; 0         ; 0         ; 0    ; 0            ; |Main|DeviceLevel2:inst4|lpm_counter0:inst                                                             ; work         ;
;          |lpm_counter:lpm_counter_component| ; 4 (0)             ; 4 (0)        ; 0                 ; 0            ; 0       ; 0         ; 0         ; 0    ; 0            ; |Main|DeviceLevel2:inst4|lpm_counter0:inst|lpm_counter:lpm_counter_component                           ; work         ;
;             |cntr_l4i:auto_generated|        ; 4 (4)             ; 4 (4)        ; 0                 ; 0            ; 0       ; 0         ; 0         ; 0    ; 0            ; |Main|DeviceLevel2:inst4|lpm_counter0:inst|lpm_counter:lpm_counter_component|cntr_l4i:auto_generated   ; work         ;
;    |DeviceLevel2:inst7|                      ; 8 (0)             ; 4 (0)        ; 0                 ; 0            ; 0       ; 0         ; 0         ; 0    ; 0            ; |Main|DeviceLevel2:inst7                                                                               ; work         ;
;       |lpm_bustri0:inst2|                    ; 2 (0)             ; 0 (0)        ; 0                 ; 0            ; 0       ; 0         ; 0         ; 0    ; 0            ; |Main|DeviceLevel2:inst7|lpm_bustri0:inst2                                                             ; work         ;
;          |lpm_bustri:lpm_bustri_component|   ; 2 (2)             ; 0 (0)        ; 0                 ; 0            ; 0       ; 0         ; 0         ; 0    ; 0            ; |Main|DeviceLevel2:inst7|lpm_bustri0:inst2|lpm_bustri:lpm_bustri_component                             ; work         ;
;       |lpm_compare0:inst8|                   ; 2 (0)             ; 0 (0)        ; 0                 ; 0            ; 0       ; 0         ; 0         ; 0    ; 0            ; |Main|DeviceLevel2:inst7|lpm_compare0:inst8                                                            ; work         ;
;          |lpm_compare:lpm_compare_component| ; 2 (0)             ; 0 (0)        ; 0                 ; 0            ; 0       ; 0         ; 0         ; 0    ; 0            ; |Main|DeviceLevel2:inst7|lpm_compare0:inst8|lpm_compare:lpm_compare_component                          ; work         ;
;             |cmpr_big:auto_generated|        ; 2 (2)             ; 0 (0)        ; 0                 ; 0            ; 0       ; 0         ; 0         ; 0    ; 0            ; |Main|DeviceLevel2:inst7|lpm_compare0:inst8|lpm_compare:lpm_compare_component|cmpr_big:auto_generated  ; work         ;
;       |lpm_counter0:inst|                    ; 4 (0)             ; 4 (0)        ; 0                 ; 0            ; 0       ; 0         ; 0         ; 0    ; 0            ; |Main|DeviceLevel2:inst7|lpm_counter0:inst                                                             ; work         ;
;          |lpm_counter:lpm_counter_component| ; 4 (0)             ; 4 (0)        ; 0                 ; 0            ; 0       ; 0         ; 0         ; 0    ; 0            ; |Main|DeviceLevel2:inst7|lpm_counter0:inst|lpm_counter:lpm_counter_component                           ; work         ;
;             |cntr_l4i:auto_generated|        ; 4 (4)             ; 4 (4)        ; 0                 ; 0            ; 0       ; 0         ; 0         ; 0    ; 0            ; |Main|DeviceLevel2:inst7|lpm_counter0:inst|lpm_counter:lpm_counter_component|cntr_l4i:auto_generated   ; work         ;
+----------------------------------------------+-------------------+--------------+-------------------+--------------+---------+-----------+-----------+------+--------------+--------------------------------------------------------------------------------------------------------+--------------+
Note: For table entries with two numbers listed, the numbers in parentheses indicate the number of resources of the given type used by the specific entity alone. The numbers listed outside of parentheses indicate the total resources of the given type used by the specific entity and all of its sub-entities in the hierarchy.


+------------------------------------------------------+
; General Register Statistics                          ;
+----------------------------------------------+-------+
; Statistic                                    ; Value ;
+----------------------------------------------+-------+
; Total registers                              ; 16    ;
; Number of registers using Synchronous Clear  ; 0     ;
; Number of registers using Synchronous Load   ; 0     ;
; Number of registers using Asynchronous Clear ; 0     ;
; Number of registers using Asynchronous Load  ; 0     ;
; Number of registers using Clock Enable       ; 0     ;
; Number of registers using Preset             ; 0     ;
+----------------------------------------------+-------+


+----------------------------------------------------------------------------------------------+
; Source assignments for DeviceLevel1:inst|lpm_counter0:inst|lpm_counter:lpm_counter_component ;
+---------------------------+-------+------+---------------------------------------------------+
; Assignment                ; Value ; From ; To                                                ;
+---------------------------+-------+------+---------------------------------------------------+
; SUPPRESS_DA_RULE_INTERNAL ; a101  ; -    ; -                                                 ;
; SUPPRESS_DA_RULE_INTERNAL ; s102  ; -    ; -                                                 ;
; SUPPRESS_DA_RULE_INTERNAL ; s103  ; -    ; -                                                 ;
+---------------------------+-------+------+---------------------------------------------------+


+-----------------------------------------------------------------------------------------------+
; Source assignments for DeviceLevel2:inst7|lpm_counter0:inst|lpm_counter:lpm_counter_component ;
+---------------------------+-------+------+----------------------------------------------------+
; Assignment                ; Value ; From ; To                                                 ;
+---------------------------+-------+------+----------------------------------------------------+
; SUPPRESS_DA_RULE_INTERNAL ; a101  ; -    ; -                                                  ;
; SUPPRESS_DA_RULE_INTERNAL ; s102  ; -    ; -                                                  ;
; SUPPRESS_DA_RULE_INTERNAL ; s103  ; -    ; -                                                  ;
+---------------------------+-------+------+----------------------------------------------------+


+-----------------------------------------------------------------------------------------------+
; Source assignments for DeviceLevel2:inst4|lpm_counter0:inst|lpm_counter:lpm_counter_component ;
+---------------------------+-------+------+----------------------------------------------------+
; Assignment                ; Value ; From ; To                                                 ;
+---------------------------+-------+------+----------------------------------------------------+
; SUPPRESS_DA_RULE_INTERNAL ; a101  ; -    ; -                                                  ;
; SUPPRESS_DA_RULE_INTERNAL ; s102  ; -    ; -                                                  ;
; SUPPRESS_DA_RULE_INTERNAL ; s103  ; -    ; -                                                  ;
+---------------------------+-------+------+----------------------------------------------------+


+------------------------------------------------------------------------------------------------+
; Source assignments for DeviceLevel1:inst10|lpm_counter0:inst|lpm_counter:lpm_counter_component ;
+---------------------------+-------+------+-----------------------------------------------------+
; Assignment                ; Value ; From ; To                                                  ;
+---------------------------+-------+------+-----------------------------------------------------+
; SUPPRESS_DA_RULE_INTERNAL ; a101  ; -    ; -                                                   ;
; SUPPRESS_DA_RULE_INTERNAL ; s102  ; -    ; -                                                   ;
; SUPPRESS_DA_RULE_INTERNAL ; s103  ; -    ; -                                                   ;
+---------------------------+-------+------+-----------------------------------------------------+


+---------------------------------------------------------------------------------------------------------------------+
; Parameter Settings for User Entity Instance: DeviceLevel1:inst|lpm_compare0:inst8|lpm_compare:lpm_compare_component ;
+------------------------+------------+-------------------------------------------------------------------------------+
; Parameter Name         ; Value      ; Type                                                                          ;
+------------------------+------------+-------------------------------------------------------------------------------+
; lpm_width              ; 4          ; Signed Integer                                                                ;
; LPM_REPRESENTATION     ; UNSIGNED   ; Untyped                                                                       ;
; LPM_PIPELINE           ; 0          ; Untyped                                                                       ;
; CHAIN_SIZE             ; 8          ; Untyped                                                                       ;
; ONE_INPUT_IS_CONSTANT  ; NO         ; Untyped                                                                       ;
; CARRY_CHAIN            ; MANUAL     ; Untyped                                                                       ;
; CASCADE_CHAIN          ; MANUAL     ; Untyped                                                                       ;
; CARRY_CHAIN_LENGTH     ; 48         ; CARRY_CHAIN_LENGTH                                                            ;
; CASCADE_CHAIN_LENGTH   ; 2          ; CASCADE_CHAIN_LENGTH                                                          ;
; DEVICE_FAMILY          ; Stratix II ; Untyped                                                                       ;
; CBXI_PARAMETER         ; cmpr_big   ; Untyped                                                                       ;
; AUTO_CARRY_CHAINS      ; ON         ; AUTO_CARRY                                                                    ;
; IGNORE_CARRY_BUFFERS   ; OFF        ; IGNORE_CARRY                                                                  ;
; AUTO_CASCADE_CHAINS    ; ON         ; AUTO_CASCADE                                                                  ;
; IGNORE_CASCADE_BUFFERS ; OFF        ; IGNORE_CASCADE                                                                ;
+------------------------+------------+-------------------------------------------------------------------------------+
Note: In order to hide this table in the UI and the text report file, please set the "Show Parameter Settings Tables in Synthesis Report" option in "Analysis and Synthesis Settings -> More Settings" to "Off".


+--------------------------------------------------------------------------------------------------------------------+
; Parameter Settings for User Entity Instance: DeviceLevel1:inst|lpm_counter0:inst|lpm_counter:lpm_counter_component ;
+------------------------+-------------+-----------------------------------------------------------------------------+
; Parameter Name         ; Value       ; Type                                                                        ;
+------------------------+-------------+-----------------------------------------------------------------------------+
; AUTO_CARRY_CHAINS      ; ON          ; AUTO_CARRY                                                                  ;
; IGNORE_CARRY_BUFFERS   ; OFF         ; IGNORE_CARRY                                                                ;
; AUTO_CASCADE_CHAINS    ; ON          ; AUTO_CASCADE                                                                ;
; IGNORE_CASCADE_BUFFERS ; OFF         ; IGNORE_CASCADE                                                              ;
; LPM_WIDTH              ; 4           ; Signed Integer                                                              ;
; LPM_DIRECTION          ; UP          ; Untyped                                                                     ;
; LPM_MODULUS            ; 0           ; Untyped                                                                     ;
; LPM_AVALUE             ; UNUSED      ; Untyped                                                                     ;
; LPM_SVALUE             ; UNUSED      ; Untyped                                                                     ;
; LPM_PORT_UPDOWN        ; PORT_UNUSED ; Untyped                                                                     ;
; DEVICE_FAMILY          ; Stratix II  ; Untyped                                                                     ;
; CARRY_CHAIN            ; MANUAL      ; Untyped                                                                     ;
; CARRY_CHAIN_LENGTH     ; 48          ; CARRY_CHAIN_LENGTH                                                          ;
; NOT_GATE_PUSH_BACK     ; ON          ; NOT_GATE_PUSH_BACK                                                          ;
; CARRY_CNT_EN           ; SMART       ; Untyped                                                                     ;
; LABWIDE_SCLR           ; ON          ; Untyped                                                                     ;
; USE_NEW_VERSION        ; TRUE        ; Untyped                                                                     ;
; CBXI_PARAMETER         ; cntr_l4i    ; Untyped                                                                     ;
+------------------------+-------------+-----------------------------------------------------------------------------+
Note: In order to hide this table in the UI and the text report file, please set the "Show Parameter Settings Tables in Synthesis Report" option in "Analysis and Synthesis Settings -> More Settings" to "Off".


+------------------------------------------------------------------------------------------------------------------+
; Parameter Settings for User Entity Instance: DeviceLevel1:inst|lpm_bustri0:inst2|lpm_bustri:lpm_bustri_component ;
+----------------+-------+-----------------------------------------------------------------------------------------+
; Parameter Name ; Value ; Type                                                                                    ;
+----------------+-------+-----------------------------------------------------------------------------------------+
; LPM_WIDTH      ; 4     ; Signed Integer                                                                          ;
+----------------+-------+-----------------------------------------------------------------------------------------+
Note: In order to hide this table in the UI and the text report file, please set the "Show Parameter Settings Tables in Synthesis Report" option in "Analysis and Synthesis Settings -> More Settings" to "Off".


+----------------------------------------------------------------------------------------------------------------------+
; Parameter Settings for User Entity Instance: DeviceLevel2:inst7|lpm_compare0:inst8|lpm_compare:lpm_compare_component ;
+------------------------+------------+--------------------------------------------------------------------------------+
; Parameter Name         ; Value      ; Type                                                                           ;
+------------------------+------------+--------------------------------------------------------------------------------+
; lpm_width              ; 4          ; Signed Integer                                                                 ;
; LPM_REPRESENTATION     ; UNSIGNED   ; Untyped                                                                        ;
; LPM_PIPELINE           ; 0          ; Untyped                                                                        ;
; CHAIN_SIZE             ; 8          ; Untyped                                                                        ;
; ONE_INPUT_IS_CONSTANT  ; NO         ; Untyped                                                                        ;
; CARRY_CHAIN            ; MANUAL     ; Untyped                                                                        ;
; CASCADE_CHAIN          ; MANUAL     ; Untyped                                                                        ;
; CARRY_CHAIN_LENGTH     ; 48         ; CARRY_CHAIN_LENGTH                                                             ;
; CASCADE_CHAIN_LENGTH   ; 2          ; CASCADE_CHAIN_LENGTH                                                           ;
; DEVICE_FAMILY          ; Stratix II ; Untyped                                                                        ;
; CBXI_PARAMETER         ; cmpr_big   ; Untyped                                                                        ;
; AUTO_CARRY_CHAINS      ; ON         ; AUTO_CARRY                                                                     ;
; IGNORE_CARRY_BUFFERS   ; OFF        ; IGNORE_CARRY                                                                   ;
; AUTO_CASCADE_CHAINS    ; ON         ; AUTO_CASCADE                                                                   ;
; IGNORE_CASCADE_BUFFERS ; OFF        ; IGNORE_CASCADE                                                                 ;
+------------------------+------------+--------------------------------------------------------------------------------+
Note: In order to hide this table in the UI and the text report file, please set the "Show Parameter Settings Tables in Synthesis Report" option in "Analysis and Synthesis Settings -> More Settings" to "Off".


+---------------------------------------------------------------------------------------------------------------------+
; Parameter Settings for User Entity Instance: DeviceLevel2:inst7|lpm_counter0:inst|lpm_counter:lpm_counter_component ;
+------------------------+-------------+------------------------------------------------------------------------------+
; Parameter Name         ; Value       ; Type                                                                         ;
+------------------------+-------------+------------------------------------------------------------------------------+
; AUTO_CARRY_CHAINS      ; ON          ; AUTO_CARRY                                                                   ;
; IGNORE_CARRY_BUFFERS   ; OFF         ; IGNORE_CARRY                                                                 ;
; AUTO_CASCADE_CHAINS    ; ON          ; AUTO_CASCADE                                                                 ;
; IGNORE_CASCADE_BUFFERS ; OFF         ; IGNORE_CASCADE                                                               ;
; LPM_WIDTH              ; 4           ; Signed Integer                                                               ;
; LPM_DIRECTION          ; UP          ; Untyped                                                                      ;
; LPM_MODULUS            ; 0           ; Untyped                                                                      ;
; LPM_AVALUE             ; UNUSED      ; Untyped                                                                      ;
; LPM_SVALUE             ; UNUSED      ; Untyped                                                                      ;
; LPM_PORT_UPDOWN        ; PORT_UNUSED ; Untyped                                                                      ;
; DEVICE_FAMILY          ; Stratix II  ; Untyped                                                                      ;
; CARRY_CHAIN            ; MANUAL      ; Untyped                                                                      ;
; CARRY_CHAIN_LENGTH     ; 48          ; CARRY_CHAIN_LENGTH                                                           ;
; NOT_GATE_PUSH_BACK     ; ON          ; NOT_GATE_PUSH_BACK                                                           ;
; CARRY_CNT_EN           ; SMART       ; Untyped                                                                      ;
; LABWIDE_SCLR           ; ON          ; Untyped                                                                      ;
; USE_NEW_VERSION        ; TRUE        ; Untyped                                                                      ;
; CBXI_PARAMETER         ; cntr_l4i    ; Untyped                                                                      ;
+------------------------+-------------+------------------------------------------------------------------------------+
Note: In order to hide this table in the UI and the text report file, please set the "Show Parameter Settings Tables in Synthesis Report" option in "Analysis and Synthesis Settings -> More Settings" to "Off".


+-------------------------------------------------------------------------------------------------------------------+
; Parameter Settings for User Entity Instance: DeviceLevel2:inst7|lpm_bustri0:inst2|lpm_bustri:lpm_bustri_component ;
+----------------+-------+------------------------------------------------------------------------------------------+
; Parameter Name ; Value ; Type                                                                                     ;
+----------------+-------+------------------------------------------------------------------------------------------+
; LPM_WIDTH      ; 4     ; Signed Integer                                                                           ;
+----------------+-------+------------------------------------------------------------------------------------------+
Note: In order to hide this table in the UI and the text report file, please set the "Show Parameter Settings Tables in Synthesis Report" option in "Analysis and Synthesis Settings -> More Settings" to "Off".


+----------------------------------------------------------------------------------------------------------------------+
; Parameter Settings for User Entity Instance: DeviceLevel2:inst4|lpm_compare0:inst8|lpm_compare:lpm_compare_component ;
+------------------------+------------+--------------------------------------------------------------------------------+
; Parameter Name         ; Value      ; Type                                                                           ;
+------------------------+------------+--------------------------------------------------------------------------------+
; lpm_width              ; 4          ; Signed Integer                                                                 ;
; LPM_REPRESENTATION     ; UNSIGNED   ; Untyped                                                                        ;
; LPM_PIPELINE           ; 0          ; Untyped                                                                        ;
; CHAIN_SIZE             ; 8          ; Untyped                                                                        ;
; ONE_INPUT_IS_CONSTANT  ; NO         ; Untyped                                                                        ;
; CARRY_CHAIN            ; MANUAL     ; Untyped                                                                        ;
; CASCADE_CHAIN          ; MANUAL     ; Untyped                                                                        ;
; CARRY_CHAIN_LENGTH     ; 48         ; CARRY_CHAIN_LENGTH                                                             ;
; CASCADE_CHAIN_LENGTH   ; 2          ; CASCADE_CHAIN_LENGTH                                                           ;
; DEVICE_FAMILY          ; Stratix II ; Untyped                                                                        ;
; CBXI_PARAMETER         ; cmpr_big   ; Untyped                                                                        ;
; AUTO_CARRY_CHAINS      ; ON         ; AUTO_CARRY                                                                     ;
; IGNORE_CARRY_BUFFERS   ; OFF        ; IGNORE_CARRY                                                                   ;
; AUTO_CASCADE_CHAINS    ; ON         ; AUTO_CASCADE                                                                   ;
; IGNORE_CASCADE_BUFFERS ; OFF        ; IGNORE_CASCADE                                                                 ;
+------------------------+------------+--------------------------------------------------------------------------------+
Note: In order to hide this table in the UI and the text report file, please set the "Show Parameter Settings Tables in Synthesis Report" option in "Analysis and Synthesis Settings -> More Settings" to "Off".


+---------------------------------------------------------------------------------------------------------------------+
; Parameter Settings for User Entity Instance: DeviceLevel2:inst4|lpm_counter0:inst|lpm_counter:lpm_counter_component ;
+------------------------+-------------+------------------------------------------------------------------------------+
; Parameter Name         ; Value       ; Type                                                                         ;
+------------------------+-------------+------------------------------------------------------------------------------+
; AUTO_CARRY_CHAINS      ; ON          ; AUTO_CARRY                                                                   ;
; IGNORE_CARRY_BUFFERS   ; OFF         ; IGNORE_CARRY                                                                 ;
; AUTO_CASCADE_CHAINS    ; ON          ; AUTO_CASCADE                                                                 ;
; IGNORE_CASCADE_BUFFERS ; OFF         ; IGNORE_CASCADE                                                               ;
; LPM_WIDTH              ; 4           ; Signed Integer                                                               ;
; LPM_DIRECTION          ; UP          ; Untyped                                                                      ;
; LPM_MODULUS            ; 0           ; Untyped                                                                      ;
; LPM_AVALUE             ; UNUSED      ; Untyped                                                                      ;
; LPM_SVALUE             ; UNUSED      ; Untyped                                                                      ;
; LPM_PORT_UPDOWN        ; PORT_UNUSED ; Untyped                                                                      ;
; DEVICE_FAMILY          ; Stratix II  ; Untyped                                                                      ;
; CARRY_CHAIN            ; MANUAL      ; Untyped                                                                      ;
; CARRY_CHAIN_LENGTH     ; 48          ; CARRY_CHAIN_LENGTH                                                           ;
; NOT_GATE_PUSH_BACK     ; ON          ; NOT_GATE_PUSH_BACK                                                           ;
; CARRY_CNT_EN           ; SMART       ; Untyped                                                                      ;
; LABWIDE_SCLR           ; ON          ; Untyped                                                                      ;
; USE_NEW_VERSION        ; TRUE        ; Untyped                                                                      ;
; CBXI_PARAMETER         ; cntr_l4i    ; Untyped                                                                      ;
+------------------------+-------------+------------------------------------------------------------------------------+
Note: In order to hide this table in the UI and the text report file, please set the "Show Parameter Settings Tables in Synthesis Report" option in "Analysis and Synthesis Settings -> More Settings" to "Off".


+-------------------------------------------------------------------------------------------------------------------+
; Parameter Settings for User Entity Instance: DeviceLevel2:inst4|lpm_bustri0:inst2|lpm_bustri:lpm_bustri_component ;
+----------------+-------+------------------------------------------------------------------------------------------+
; Parameter Name ; Value ; Type                                                                                     ;
+----------------+-------+------------------------------------------------------------------------------------------+
; LPM_WIDTH      ; 4     ; Signed Integer                                                                           ;
+----------------+-------+------------------------------------------------------------------------------------------+
Note: In order to hide this table in the UI and the text report file, please set the "Show Parameter Settings Tables in Synthesis Report" option in "Analysis and Synthesis Settings -> More Settings" to "Off".


+------------------------------------------------------------------------------------------------------+
; Parameter Settings for User Entity Instance: lpm_constant1:inst3|lpm_constant:lpm_constant_component ;
+--------------------+------------------+--------------------------------------------------------------+
; Parameter Name     ; Value            ; Type                                                         ;
+--------------------+------------------+--------------------------------------------------------------+
; LPM_WIDTH          ; 4                ; Signed Integer                                               ;
; LPM_CVALUE         ; 2                ; Signed Integer                                               ;
; ENABLE_RUNTIME_MOD ; NO               ; Untyped                                                      ;
; CBXI_PARAMETER     ; lpm_constant_8e6 ; Untyped                                                      ;
+--------------------+------------------+--------------------------------------------------------------+
Note: In order to hide this table in the UI and the text report file, please set the "Show Parameter Settings Tables in Synthesis Report" option in "Analysis and Synthesis Settings -> More Settings" to "Off".


+------------------------------------------------------------------------------------------------------+
; Parameter Settings for User Entity Instance: lpm_constant2:inst5|lpm_constant:lpm_constant_component ;
+--------------------+------------------+--------------------------------------------------------------+
; Parameter Name     ; Value            ; Type                                                         ;
+--------------------+------------------+--------------------------------------------------------------+
; LPM_WIDTH          ; 4                ; Signed Integer                                               ;
; LPM_CVALUE         ; 3                ; Signed Integer                                               ;
; ENABLE_RUNTIME_MOD ; NO               ; Untyped                                                      ;
; CBXI_PARAMETER     ; lpm_constant_9e6 ; Untyped                                                      ;
+--------------------+------------------+--------------------------------------------------------------+
Note: In order to hide this table in the UI and the text report file, please set the "Show Parameter Settings Tables in Synthesis Report" option in "Analysis and Synthesis Settings -> More Settings" to "Off".


+------------------------------------------------------------------------------------------------------+
; Parameter Settings for User Entity Instance: lpm_constant0:inst6|lpm_constant:lpm_constant_component ;
+--------------------+------------------+--------------------------------------------------------------+
; Parameter Name     ; Value            ; Type                                                         ;
+--------------------+------------------+--------------------------------------------------------------+
; LPM_WIDTH          ; 4                ; Signed Integer                                               ;
; LPM_CVALUE         ; 1                ; Signed Integer                                               ;
; ENABLE_RUNTIME_MOD ; NO               ; Untyped                                                      ;
; CBXI_PARAMETER     ; lpm_constant_7e6 ; Untyped                                                      ;
+--------------------+------------------+--------------------------------------------------------------+
Note: In order to hide this table in the UI and the text report file, please set the "Show Parameter Settings Tables in Synthesis Report" option in "Analysis and Synthesis Settings -> More Settings" to "Off".


+-----------------------------------------------------------------------------------------------------------------------+
; Parameter Settings for User Entity Instance: DeviceLevel1:inst10|lpm_compare0:inst8|lpm_compare:lpm_compare_component ;
+------------------------+------------+---------------------------------------------------------------------------------+
; Parameter Name         ; Value      ; Type                                                                            ;
+------------------------+------------+---------------------------------------------------------------------------------+
; lpm_width              ; 4          ; Signed Integer                                                                  ;
; LPM_REPRESENTATION     ; UNSIGNED   ; Untyped                                                                         ;
; LPM_PIPELINE           ; 0          ; Untyped                                                                         ;
; CHAIN_SIZE             ; 8          ; Untyped                                                                         ;
; ONE_INPUT_IS_CONSTANT  ; NO         ; Untyped                                                                         ;
; CARRY_CHAIN            ; MANUAL     ; Untyped                                                                         ;
; CASCADE_CHAIN          ; MANUAL     ; Untyped                                                                         ;
; CARRY_CHAIN_LENGTH     ; 48         ; CARRY_CHAIN_LENGTH                                                              ;
; CASCADE_CHAIN_LENGTH   ; 2          ; CASCADE_CHAIN_LENGTH                                                            ;
; DEVICE_FAMILY          ; Stratix II ; Untyped                                                                         ;
; CBXI_PARAMETER         ; cmpr_big   ; Untyped                                                                         ;
; AUTO_CARRY_CHAINS      ; ON         ; AUTO_CARRY                                                                      ;
; IGNORE_CARRY_BUFFERS   ; OFF        ; IGNORE_CARRY                                                                    ;
; AUTO_CASCADE_CHAINS    ; ON         ; AUTO_CASCADE                                                                    ;
; IGNORE_CASCADE_BUFFERS ; OFF        ; IGNORE_CASCADE                                                                  ;
+------------------------+------------+---------------------------------------------------------------------------------+
Note: In order to hide this table in the UI and the text report file, please set the "Show Parameter Settings Tables in Synthesis Report" option in "Analysis and Synthesis Settings -> More Settings" to "Off".


+----------------------------------------------------------------------------------------------------------------------+
; Parameter Settings for User Entity Instance: DeviceLevel1:inst10|lpm_counter0:inst|lpm_counter:lpm_counter_component ;
+------------------------+-------------+-------------------------------------------------------------------------------+
; Parameter Name         ; Value       ; Type                                                                          ;
+------------------------+-------------+-------------------------------------------------------------------------------+
; AUTO_CARRY_CHAINS      ; ON          ; AUTO_CARRY                                                                    ;
; IGNORE_CARRY_BUFFERS   ; OFF         ; IGNORE_CARRY                                                                  ;
; AUTO_CASCADE_CHAINS    ; ON          ; AUTO_CASCADE                                                                  ;
; IGNORE_CASCADE_BUFFERS ; OFF         ; IGNORE_CASCADE                                                                ;
; LPM_WIDTH              ; 4           ; Signed Integer                                                                ;
; LPM_DIRECTION          ; UP          ; Untyped                                                                       ;
; LPM_MODULUS            ; 0           ; Untyped                                                                       ;
; LPM_AVALUE             ; UNUSED      ; Untyped                                                                       ;
; LPM_SVALUE             ; UNUSED      ; Untyped                                                                       ;
; LPM_PORT_UPDOWN        ; PORT_UNUSED ; Untyped                                                                       ;
; DEVICE_FAMILY          ; Stratix II  ; Untyped                                                                       ;
; CARRY_CHAIN            ; MANUAL      ; Untyped                                                                       ;
; CARRY_CHAIN_LENGTH     ; 48          ; CARRY_CHAIN_LENGTH                                                            ;
; NOT_GATE_PUSH_BACK     ; ON          ; NOT_GATE_PUSH_BACK                                                            ;
; CARRY_CNT_EN           ; SMART       ; Untyped                                                                       ;
; LABWIDE_SCLR           ; ON          ; Untyped                                                                       ;
; USE_NEW_VERSION        ; TRUE        ; Untyped                                                                       ;
; CBXI_PARAMETER         ; cntr_l4i    ; Untyped                                                                       ;
+------------------------+-------------+-------------------------------------------------------------------------------+
Note: In order to hide this table in the UI and the text report file, please set the "Show Parameter Settings Tables in Synthesis Report" option in "Analysis and Synthesis Settings -> More Settings" to "Off".


+--------------------------------------------------------------------------------------------------------------------+
; Parameter Settings for User Entity Instance: DeviceLevel1:inst10|lpm_bustri0:inst2|lpm_bustri:lpm_bustri_component ;
+----------------+-------+-------------------------------------------------------------------------------------------+
; Parameter Name ; Value ; Type                                                                                      ;
+----------------+-------+-------------------------------------------------------------------------------------------+
; LPM_WIDTH      ; 4     ; Signed Integer                                                                            ;
+----------------+-------+-------------------------------------------------------------------------------------------+
Note: In order to hide this table in the UI and the text report file, please set the "Show Parameter Settings Tables in Synthesis Report" option in "Analysis and Synthesis Settings -> More Settings" to "Off".


+------------------------------------------------------------------------------------------------------+
; Parameter Settings for User Entity Instance: lpm_constant3:inst9|lpm_constant:lpm_constant_component ;
+--------------------+------------------+--------------------------------------------------------------+
; Parameter Name     ; Value            ; Type                                                         ;
+--------------------+------------------+--------------------------------------------------------------+
; LPM_WIDTH          ; 4                ; Signed Integer                                               ;
; LPM_CVALUE         ; 4                ; Signed Integer                                               ;
; ENABLE_RUNTIME_MOD ; NO               ; Untyped                                                      ;
; CBXI_PARAMETER     ; lpm_constant_ae6 ; Untyped                                                      ;
+--------------------+------------------+--------------------------------------------------------------+
Note: In order to hide this table in the UI and the text report file, please set the "Show Parameter Settings Tables in Synthesis Report" option in "Analysis and Synthesis Settings -> More Settings" to "Off".


+-------------------------------+
; Analysis & Synthesis Messages ;
+-------------------------------+
Info: *******************************************************************
Info: Running Quartus II Analysis & Synthesis
    Info: Version 9.1 Build 222 10/21/2009 SJ Web Edition
    Info: Processing started: Fri Oct 27 16:02:33 2017
Info: Command: quartus_map --read_settings_files=on --write_settings_files=off lab5 -c lab5
Warning: Tcl Script File lpm_counter1.qip not found
    Info: set_global_assignment -name QIP_FILE lpm_counter1.qip
Info: Found 2 design units, including 1 entities, in source file lpm_counter0.vhd
    Info: Found design unit 1: lpm_counter0-SYN
    Info: Found entity 1: lpm_counter0
Info: Found 2 design units, including 1 entities, in source file lpm_bustri0.vhd
    Info: Found design unit 1: lpm_bustri0-SYN
    Info: Found entity 1: lpm_bustri0
Info: Found 1 design units, including 1 entities, in source file arbitrator.bdf
    Info: Found entity 1: Arbitrator
Info: Found 1 design units, including 1 entities, in source file main.bdf
    Info: Found entity 1: Main
Info: Found 2 design units, including 1 entities, in source file lpm_constant0.vhd
    Info: Found design unit 1: lpm_constant0-SYN
    Info: Found entity 1: lpm_constant0
Info: Found 2 design units, including 1 entities, in source file lpm_constant1.vhd
    Info: Found design unit 1: lpm_constant1-SYN
    Info: Found entity 1: lpm_constant1
Info: Found 2 design units, including 1 entities, in source file lpm_compare0.vhd
    Info: Found design unit 1: lpm_compare0-SYN
    Info: Found entity 1: lpm_compare0
Info: Found 1 design units, including 1 entities, in source file devicelevel1.bdf
    Info: Found entity 1: DeviceLevel1
Info: Found 1 design units, including 1 entities, in source file devicelevel2.bdf
    Info: Found entity 1: DeviceLevel2
Info: Found 2 design units, including 1 entities, in source file lpm_constant2.vhd
    Info: Found design unit 1: lpm_constant2-SYN
    Info: Found entity 1: lpm_constant2
Info: Found 2 design units, including 1 entities, in source file lpm_constant3.vhd
    Info: Found design unit 1: lpm_constant3-SYN
    Info: Found entity 1: lpm_constant3
Info: Elaborating entity "Main" for the top level hierarchy
Info: Elaborating entity "DeviceLevel1" for hierarchy "DeviceLevel1:inst"
Info: Elaborating entity "lpm_compare0" for hierarchy "DeviceLevel1:inst|lpm_compare0:inst8"
Info: Elaborating entity "lpm_compare" for hierarchy "DeviceLevel1:inst|lpm_compare0:inst8|lpm_compare:lpm_compare_component"
Info: Elaborated megafunction instantiation "DeviceLevel1:inst|lpm_compare0:inst8|lpm_compare:lpm_compare_component"
Info: Instantiated megafunction "DeviceLevel1:inst|lpm_compare0:inst8|lpm_compare:lpm_compare_component" with the following parameter:
    Info: Parameter "lpm_representation" = "UNSIGNED"
    Info: Parameter "lpm_type" = "LPM_COMPARE"
    Info: Parameter "lpm_width" = "4"
Info: Found 1 design units, including 1 entities, in source file db/cmpr_big.tdf
    Info: Found entity 1: cmpr_big
Info: Elaborating entity "cmpr_big" for hierarchy "DeviceLevel1:inst|lpm_compare0:inst8|lpm_compare:lpm_compare_component|cmpr_big:auto_generated"
Info: Elaborating entity "lpm_counter0" for hierarchy "DeviceLevel1:inst|lpm_counter0:inst"
Info: Elaborating entity "lpm_counter" for hierarchy "DeviceLevel1:inst|lpm_counter0:inst|lpm_counter:lpm_counter_component"
Info: Elaborated megafunction instantiation "DeviceLevel1:inst|lpm_counter0:inst|lpm_counter:lpm_counter_component"
Info: Instantiated megafunction "DeviceLevel1:inst|lpm_counter0:inst|lpm_counter:lpm_counter_component" with the following parameter:
    Info: Parameter "lpm_direction" = "UP"
    Info: Parameter "lpm_port_updown" = "PORT_UNUSED"
    Info: Parameter "lpm_type" = "LPM_COUNTER"
    Info: Parameter "lpm_width" = "4"
Info: Found 1 design units, including 1 entities, in source file db/cntr_l4i.tdf
    Info: Found entity 1: cntr_l4i
Info: Elaborating entity "cntr_l4i" for hierarchy "DeviceLevel1:inst|lpm_counter0:inst|lpm_counter:lpm_counter_component|cntr_l4i:auto_generated"
Info: Elaborating entity "lpm_bustri0" for hierarchy "DeviceLevel1:inst|lpm_bustri0:inst2"
Info: Elaborating entity "lpm_bustri" for hierarchy "DeviceLevel1:inst|lpm_bustri0:inst2|lpm_bustri:lpm_bustri_component"
Info: Elaborated megafunction instantiation "DeviceLevel1:inst|lpm_bustri0:inst2|lpm_bustri:lpm_bustri_component"
Info: Instantiated megafunction "DeviceLevel1:inst|lpm_bustri0:inst2|lpm_bustri:lpm_bustri_component" with the following parameter:
    Info: Parameter "lpm_type" = "LPM_BUSTRI"
    Info: Parameter "lpm_width" = "4"
Info: Elaborating entity "Arbitrator" for hierarchy "Arbitrator:inst2"
Info: Elaborating entity "DeviceLevel2" for hierarchy "DeviceLevel2:inst7"
Info: Elaborating entity "lpm_constant1" for hierarchy "lpm_constant1:inst3"
Info: Elaborating entity "lpm_constant" for hierarchy "lpm_constant1:inst3|lpm_constant:lpm_constant_component"
Info: Elaborated megafunction instantiation "lpm_constant1:inst3|lpm_constant:lpm_constant_component"
Info: Instantiated megafunction "lpm_constant1:inst3|lpm_constant:lpm_constant_component" with the following parameter:
    Info: Parameter "lpm_cvalue" = "2"
    Info: Parameter "lpm_hint" = "ENABLE_RUNTIME_MOD=NO"
    Info: Parameter "lpm_type" = "LPM_CONSTANT"
    Info: Parameter "lpm_width" = "4"
Info: Elaborating entity "lpm_constant2" for hierarchy "lpm_constant2:inst5"
Info: Elaborating entity "lpm_constant" for hierarchy "lpm_constant2:inst5|lpm_constant:lpm_constant_component"
Info: Elaborated megafunction instantiation "lpm_constant2:inst5|lpm_constant:lpm_constant_component"
Info: Instantiated megafunction "lpm_constant2:inst5|lpm_constant:lpm_constant_component" with the following parameter:
    Info: Parameter "lpm_cvalue" = "3"
    Info: Parameter "lpm_hint" = "ENABLE_RUNTIME_MOD=NO"
    Info: Parameter "lpm_type" = "LPM_CONSTANT"
    Info: Parameter "lpm_width" = "4"
Info: Elaborating entity "lpm_constant0" for hierarchy "lpm_constant0:inst6"
Info: Elaborating entity "lpm_constant" for hierarchy "lpm_constant0:inst6|lpm_constant:lpm_constant_component"
Info: Elaborated megafunction instantiation "lpm_constant0:inst6|lpm_constant:lpm_constant_component"
Info: Instantiated megafunction "lpm_constant0:inst6|lpm_constant:lpm_constant_component" with the following parameter:
    Info: Parameter "lpm_cvalue" = "1"
    Info: Parameter "lpm_hint" = "ENABLE_RUNTIME_MOD=NO"
    Info: Parameter "lpm_type" = "LPM_CONSTANT"
    Info: Parameter "lpm_width" = "4"
Info: Elaborating entity "lpm_constant3" for hierarchy "lpm_constant3:inst9"
Info: Elaborating entity "lpm_constant" for hierarchy "lpm_constant3:inst9|lpm_constant:lpm_constant_component"
Info: Elaborated megafunction instantiation "lpm_constant3:inst9|lpm_constant:lpm_constant_component"
Info: Instantiated megafunction "lpm_constant3:inst9|lpm_constant:lpm_constant_component" with the following parameter:
    Info: Parameter "lpm_cvalue" = "4"
    Info: Parameter "lpm_hint" = "ENABLE_RUNTIME_MOD=NO"
    Info: Parameter "lpm_type" = "LPM_CONSTANT"
    Info: Parameter "lpm_width" = "4"
Warning: Ignored assignments for entity "lab5" -- entity does not exist in design
    Warning: Assignment for entity set_global_assignment -name LL_ROOT_REGION ON -entity lab5 -section_id "Root Region" was ignored
    Warning: Assignment for entity set_global_assignment -name LL_MEMBER_STATE LOCKED -entity lab5 -section_id "Root Region" was ignored
Info: Implemented 53 device resources after synthesis - the final resource count might be different
    Info: Implemented 17 input pins
    Info: Implemented 8 output pins
    Info: Implemented 28 logic cells
Info: Quartus II Analysis & Synthesis was successful. 0 errors, 4 warnings
    Info: Peak virtual memory: 259 megabytes
    Info: Processing ended: Fri Oct 27 16:02:38 2017
    Info: Elapsed time: 00:00:05
    Info: Total CPU time (on all processors): 00:00:05


