Analysis & Synthesis report for SIFL4
Tue Oct 17 12:27:13 2017
Quartus II Version 9.1 Build 222 10/21/2009 SJ Web Edition


---------------------
; Table of Contents ;
---------------------
  1. Legal Notice
  2. Analysis & Synthesis Summary
  3. Analysis & Synthesis Settings
  4. Parallel Compilation
  5. Analysis & Synthesis Source Files Read
  6. Analysis & Synthesis Resource Usage Summary
  7. Analysis & Synthesis Resource Utilization by Entity
  8. Analysis & Synthesis RAM Summary
  9. General Register Statistics
 10. Source assignments for Manage:inst12|IP:inst8|lpm_counter1:inst19|lpm_counter:lpm_counter_component
 11. Source assignments for lpm_rom3:inst|altsyncram:altsyncram_component|altsyncram_7a31:auto_generated
 12. Source assignments for lpm_ram_dq3:inst3|altsyncram:altsyncram_component|altsyncram_n0c1:auto_generated
 13. Parameter Settings for User Entity Instance: Manage:inst12|DivergentBlock:inst15|74163:inst1
 14. Parameter Settings for User Entity Instance: Manage:inst12|lpm_dff5:inst7|lpm_ff:lpm_ff_component
 15. Parameter Settings for User Entity Instance: Manage:inst12|lpm_dff5:inst9|lpm_ff:lpm_ff_component
 16. Parameter Settings for User Entity Instance: Manage:inst12|lpm_dff5:inst10|lpm_ff:lpm_ff_component
 17. Parameter Settings for User Entity Instance: Manage:inst12|IP:inst8|lpm_counter1:inst19|lpm_counter:lpm_counter_component
 18. Parameter Settings for User Entity Instance: Manage:inst12|IP:inst8|BUSMUX:inst2
 19. Parameter Settings for User Entity Instance: lpm_or3:inst11|LPM_OR:lpm_or_component
 20. Parameter Settings for User Entity Instance: lpm_rom3:inst|altsyncram:altsyncram_component
 21. Parameter Settings for User Entity Instance: lpm_or4:inst17|LPM_OR:lpm_or_component
 22. Parameter Settings for User Entity Instance: lpm_ram_dq3:inst3|altsyncram:altsyncram_component
 23. Parameter Settings for User Entity Instance: RONWren:inst8|RON:inst1|lpm_dff3:inst|lpm_ff:lpm_ff_component
 24. Parameter Settings for User Entity Instance: RONWren:inst8|RON:inst1|lpm_dff3:inst1|lpm_ff:lpm_ff_component
 25. Parameter Settings for User Entity Instance: RONWren:inst8|RON:inst1|lpm_dff3:inst2|lpm_ff:lpm_ff_component
 26. Parameter Settings for User Entity Instance: RONWren:inst8|RON:inst1|lpm_dff3:inst3|lpm_ff:lpm_ff_component
 27. altsyncram Parameter Settings by Entity Instance
 28. Analysis & Synthesis Messages



----------------
; Legal Notice ;
----------------
Copyright (C) 1991-2009 Altera Corporation
Your use of Altera Corporation's design tools, logic functions 
and other software and tools, and its AMPP partner logic 
functions, and any output files from any of the foregoing 
(including device programming or simulation files), and any 
associated documentation or information are expressly subject 
to the terms and conditions of the Altera Program License 
Subscription Agreement, Altera MegaCore Function License 
Agreement, or other applicable license agreement, including, 
without limitation, that your use is for the sole purpose of 
programming logic devices manufactured by Altera and sold by 
Altera or its authorized distributors.  Please refer to the 
applicable agreement for further details.



+-----------------------------------------------------------------------+
; Analysis & Synthesis Summary                                          ;
+-----------------------------+-----------------------------------------+
; Analysis & Synthesis Status ; Successful - Tue Oct 17 12:27:13 2017   ;
; Quartus II Version          ; 9.1 Build 222 10/21/2009 SJ Web Edition ;
; Revision Name               ; SIFL4                                   ;
; Top-level Entity Name       ; SIFL4                                   ;
; Family                      ; Stratix                                 ;
; Total logic elements        ; 95                                      ;
; Total pins                  ; 69                                      ;
; Total virtual pins          ; 0                                       ;
; Total memory bits           ; 2,048                                   ;
; DSP block 9-bit elements    ; 0                                       ;
; Total PLLs                  ; 0                                       ;
; Total DLLs                  ; 0                                       ;
+-----------------------------+-----------------------------------------+


+----------------------------------------------------------------------------------------------------------------------+
; Analysis & Synthesis Settings                                                                                        ;
+----------------------------------------------------------------------------+--------------------+--------------------+
; Option                                                                     ; Setting            ; Default Value      ;
+----------------------------------------------------------------------------+--------------------+--------------------+
; Top-level entity name                                                      ; SIFL4              ; SIFL4              ;
; Family name                                                                ; Stratix            ; Stratix II         ;
; Use Generated Physical Constraints File                                    ; Off                ;                    ;
; Use smart compilation                                                      ; Off                ; Off                ;
; Enable parallel Assembler and TimeQuest Timing Analyzer during compilation ; On                 ; On                 ;
; Enable compact report table                                                ; Off                ; Off                ;
; Restructure Multiplexers                                                   ; Auto               ; Auto               ;
; Create Debugging Nodes for IP Cores                                        ; Off                ; Off                ;
; Preserve fewer node names                                                  ; On                 ; On                 ;
; Disable OpenCore Plus hardware evaluation                                  ; Off                ; Off                ;
; Verilog Version                                                            ; Verilog_2001       ; Verilog_2001       ;
; VHDL Version                                                               ; VHDL_1993          ; VHDL_1993          ;
; State Machine Processing                                                   ; Auto               ; Auto               ;
; Safe State Machine                                                         ; Off                ; Off                ;
; Extract Verilog State Machines                                             ; On                 ; On                 ;
; Extract VHDL State Machines                                                ; On                 ; On                 ;
; Ignore Verilog initial constructs                                          ; Off                ; Off                ;
; Iteration limit for constant Verilog loops                                 ; 5000               ; 5000               ;
; Iteration limit for non-constant Verilog loops                             ; 250                ; 250                ;
; Add Pass-Through Logic to Inferred RAMs                                    ; On                 ; On                 ;
; Parallel Synthesis                                                         ; On                 ; On                 ;
; DSP Block Balancing                                                        ; Auto               ; Auto               ;
; NOT Gate Push-Back                                                         ; On                 ; On                 ;
; Power-Up Don't Care                                                        ; On                 ; On                 ;
; Remove Redundant Logic Cells                                               ; Off                ; Off                ;
; Remove Duplicate Registers                                                 ; On                 ; On                 ;
; Ignore CARRY Buffers                                                       ; Off                ; Off                ;
; Ignore CASCADE Buffers                                                     ; Off                ; Off                ;
; Ignore GLOBAL Buffers                                                      ; Off                ; Off                ;
; Ignore ROW GLOBAL Buffers                                                  ; Off                ; Off                ;
; Ignore LCELL Buffers                                                       ; Off                ; Off                ;
; Ignore SOFT Buffers                                                        ; On                 ; On                 ;
; Limit AHDL Integers to 32 Bits                                             ; Off                ; Off                ;
; Optimization Technique                                                     ; Balanced           ; Balanced           ;
; Carry Chain Length                                                         ; 70                 ; 70                 ;
; Auto Carry Chains                                                          ; On                 ; On                 ;
; Auto Open-Drain Pins                                                       ; On                 ; On                 ;
; Perform WYSIWYG Primitive Resynthesis                                      ; Off                ; Off                ;
; Auto ROM Replacement                                                       ; On                 ; On                 ;
; Auto RAM Replacement                                                       ; On                 ; On                 ;
; Auto DSP Block Replacement                                                 ; On                 ; On                 ;
; Auto Shift Register Replacement                                            ; Auto               ; Auto               ;
; Auto Clock Enable Replacement                                              ; On                 ; On                 ;
; Strict RAM Replacement                                                     ; Off                ; Off                ;
; Allow Synchronous Control Signals                                          ; On                 ; On                 ;
; Force Use of Synchronous Clear Signals                                     ; Off                ; Off                ;
; Auto RAM Block Balancing                                                   ; On                 ; On                 ;
; Auto RAM to Logic Cell Conversion                                          ; Off                ; Off                ;
; Auto Resource Sharing                                                      ; Off                ; Off                ;
; Allow Any RAM Size For Recognition                                         ; Off                ; Off                ;
; Allow Any ROM Size For Recognition                                         ; Off                ; Off                ;
; Allow Any Shift Register Size For Recognition                              ; Off                ; Off                ;
; Use LogicLock Constraints during Resource Balancing                        ; On                 ; On                 ;
; Ignore translate_off and synthesis_off directives                          ; Off                ; Off                ;
; Show Parameter Settings Tables in Synthesis Report                         ; On                 ; On                 ;
; Ignore Maximum Fan-Out Assignments                                         ; Off                ; Off                ;
; Synchronization Register Chain Length                                      ; 2                  ; 2                  ;
; PowerPlay Power Optimization                                               ; Normal compilation ; Normal compilation ;
; HDL message level                                                          ; Level2             ; Level2             ;
; Suppress Register Optimization Related Messages                            ; Off                ; Off                ;
; Number of Removed Registers Reported in Synthesis Report                   ; 100                ; 100                ;
; Number of Inverted Registers Reported in Synthesis Report                  ; 100                ; 100                ;
; Clock MUX Protection                                                       ; On                 ; On                 ;
; Block Design Naming                                                        ; Auto               ; Auto               ;
; Synthesis Effort                                                           ; Auto               ; Auto               ;
; Shift Register Replacement - Allow Asynchronous Clear Signal               ; On                 ; On                 ;
; Analysis & Synthesis Message Level                                         ; Medium             ; Medium             ;
; Disable Register Merging Across Hierarchies                                ; Auto               ; Auto               ;
; Resource Aware Inference For Block RAM                                     ; On                 ; On                 ;
+----------------------------------------------------------------------------+--------------------+--------------------+


Parallel compilation was disabled, but you have multiple processors available. Enable parallel compilation to reduce compilation time.
+-------------------------------------+
; Parallel Compilation                ;
+----------------------------+--------+
; Processors                 ; Number ;
+----------------------------+--------+
; Number detected on machine ; 2      ;
; Maximum allowed            ; 1      ;
+----------------------------+--------+


+-----------------------------------------------------------------------------------------------------------------------------------------------------------+
; Analysis & Synthesis Source Files Read                                                                                                                    ;
+----------------------------------+-----------------+---------------------------------------+--------------------------------------------------------------+
; File Name with User-Entered Path ; Used in Netlist ; File Type                             ; File Name with Absolute Path                                 ;
+----------------------------------+-----------------+---------------------------------------+--------------------------------------------------------------+
; SIFL4.bdf                        ; yes             ; User Block Diagram/Schematic File     ; E:/GlebSifo4/SIFL4.bdf                                       ;
; BusEnable.bdf                    ; yes             ; User Block Diagram/Schematic File     ; E:/GlebSifo4/BusEnable.bdf                                   ;
; BusEnable7.bdf                   ; yes             ; User Block Diagram/Schematic File     ; E:/GlebSifo4/BusEnable7.bdf                                  ;
; DivergentBlock.bdf               ; yes             ; User Block Diagram/Schematic File     ; E:/GlebSifo4/DivergentBlock.bdf                              ;
; FlagsRegister.bdf                ; yes             ; User Block Diagram/Schematic File     ; E:/GlebSifo4/FlagsRegister.bdf                               ;
; lpm_dff3.vhd                     ; yes             ; User Wizard-Generated File            ; E:/GlebSifo4/lpm_dff3.vhd                                    ;
; RON.bdf                          ; yes             ; User Block Diagram/Schematic File     ; E:/GlebSifo4/RON.bdf                                         ;
; Decoder.bdf                      ; yes             ; User Block Diagram/Schematic File     ; E:/GlebSifo4/Decoder.bdf                                     ;
; RONWren.bdf                      ; yes             ; User Block Diagram/Schematic File     ; E:/GlebSifo4/RONWren.bdf                                     ;
; IP.bdf                           ; yes             ; User Block Diagram/Schematic File     ; E:/GlebSifo4/IP.bdf                                          ;
; lpm_rom3.vhd                     ; yes             ; User Wizard-Generated File            ; E:/GlebSifo4/lpm_rom3.vhd                                    ;
; lpm_ram_dq3.vhd                  ; yes             ; User Wizard-Generated File            ; E:/GlebSifo4/lpm_ram_dq3.vhd                                 ;
; lpm_dff5.vhd                     ; yes             ; User Wizard-Generated File            ; E:/GlebSifo4/lpm_dff5.vhd                                    ;
; commandDecoder.bdf               ; yes             ; User Block Diagram/Schematic File     ; E:/GlebSifo4/commandDecoder.bdf                              ;
; adapter8x4.bdf                   ; yes             ; User Block Diagram/Schematic File     ; E:/GlebSifo4/adapter8x4.bdf                                  ;
; lpm_counter1.vhd                 ; yes             ; User Wizard-Generated File            ; E:/GlebSifo4/lpm_counter1.vhd                                ;
; Manage.bdf                       ; yes             ; User Block Diagram/Schematic File     ; E:/GlebSifo4/Manage.bdf                                      ;
; lpm_or3.vhd                      ; yes             ; User Wizard-Generated File            ; E:/GlebSifo4/lpm_or3.vhd                                     ;
; lpm_or4.vhd                      ; yes             ; User Wizard-Generated File            ; E:/GlebSifo4/lpm_or4.vhd                                     ;
; CommandAdapter.bdf               ; yes             ; User Block Diagram/Schematic File     ; E:/GlebSifo4/CommandAdapter.bdf                              ;
; RAM.hex                          ; yes             ; User Hexadecimal (Intel-Format) File  ; E:/GlebSifo4/RAM.hex                                         ;
; Commands.hex                     ; yes             ; User Hexadecimal (Intel-Format) File  ; E:/GlebSifo4/Commands.hex                                    ;
; 16dmux.bdf                       ; yes             ; Megafunction                          ; c:/altera/91/quartus/libraries/others/maxplus2/16dmux.bdf    ;
; 74163.tdf                        ; yes             ; Megafunction                          ; c:/altera/91/quartus/libraries/others/maxplus2/74163.tdf     ;
; f74163.bdf                       ; yes             ; Megafunction                          ; c:/altera/91/quartus/libraries/others/maxplus2/f74163.bdf    ;
; lpm_ff.tdf                       ; yes             ; Megafunction                          ; c:/altera/91/quartus/libraries/megafunctions/lpm_ff.tdf      ;
; lpm_counter.tdf                  ; yes             ; Megafunction                          ; c:/altera/91/quartus/libraries/megafunctions/lpm_counter.tdf ;
; db/cntr_kdi.tdf                  ; yes             ; Auto-Generated Megafunction           ; E:/GlebSifo4/db/cntr_kdi.tdf                                 ;
; busmux.tdf                       ; yes             ; Megafunction                          ; c:/altera/91/quartus/libraries/megafunctions/busmux.tdf      ;
; lpm_mux.tdf                      ; yes             ; Megafunction                          ; c:/altera/91/quartus/libraries/megafunctions/lpm_mux.tdf     ;
; db/mux_cgc.tdf                   ; yes             ; Auto-Generated Megafunction           ; E:/GlebSifo4/db/mux_cgc.tdf                                  ;
; lpm_or.tdf                       ; yes             ; Megafunction                          ; c:/altera/91/quartus/libraries/megafunctions/lpm_or.tdf      ;
; altsyncram.tdf                   ; yes             ; Megafunction                          ; c:/altera/91/quartus/libraries/megafunctions/altsyncram.tdf  ;
; db/altsyncram_7a31.tdf           ; yes             ; Auto-Generated Megafunction           ; E:/GlebSifo4/db/altsyncram_7a31.tdf                          ;
; db/altsyncram_n0c1.tdf           ; yes             ; Auto-Generated Megafunction           ; E:/GlebSifo4/db/altsyncram_n0c1.tdf                          ;
+----------------------------------+-----------------+---------------------------------------+--------------------------------------------------------------+


+--------------------------------------------------------------------------------------------------------------+
; Analysis & Synthesis Resource Usage Summary                                                                  ;
+---------------------------------------------+----------------------------------------------------------------+
; Resource                                    ; Usage                                                          ;
+---------------------------------------------+----------------------------------------------------------------+
; Total logic elements                        ; 95                                                             ;
;     -- Combinational with no register       ; 54                                                             ;
;     -- Register only                        ; 29                                                             ;
;     -- Combinational with a register        ; 12                                                             ;
;                                             ;                                                                ;
; Logic element usage by number of LUT inputs ;                                                                ;
;     -- 4 input functions                    ; 42                                                             ;
;     -- 3 input functions                    ; 6                                                              ;
;     -- 2 input functions                    ; 15                                                             ;
;     -- 1 input functions                    ; 2                                                              ;
;     -- 0 input functions                    ; 1                                                              ;
;                                             ;                                                                ;
; Logic elements by mode                      ;                                                                ;
;     -- normal mode                          ; 85                                                             ;
;     -- arithmetic mode                      ; 10                                                             ;
;     -- qfbk mode                            ; 0                                                              ;
;     -- register cascade mode                ; 0                                                              ;
;     -- synchronous clear/load mode          ; 8                                                              ;
;     -- asynchronous clear/load mode         ; 0                                                              ;
;                                             ;                                                                ;
; Total registers                             ; 41                                                             ;
; Total logic cells in carry chains           ; 12                                                             ;
; I/O pins                                    ; 69                                                             ;
; Total memory bits                           ; 2048                                                           ;
; Maximum fan-out node                        ; Manage:inst12|DivergentBlock:inst15|74163:inst1|f74163:sub|111 ;
; Maximum fan-out                             ; 30                                                             ;
; Total fan-out                               ; 448                                                            ;
; Average fan-out                             ; 2.60                                                           ;
+---------------------------------------------+----------------------------------------------------------------+


+-------------------------------------------------------------------------------------------------------------------------------------------------------------------------------------------------------------------------------------------------------------------------------------------------------------------------------------------------------------------------------------+
; Analysis & Synthesis Resource Utilization by Entity                                                                                                                                                                                                                                                                                                                                 ;
+-------------------------------------------------+-------------+--------------+-------------+--------------+---------+-----------+-----------+------+--------------+--------------+-------------------+------------------+-----------------+------------+-------------------------------------------------------------------------------------------------------------+--------------+
; Compilation Hierarchy Node                      ; Logic Cells ; LC Registers ; Memory Bits ; DSP Elements ; DSP 9x9 ; DSP 18x18 ; DSP 36x36 ; Pins ; Virtual Pins ; LUT-Only LCs ; Register-Only LCs ; LUT/Register LCs ; Carry Chain LCs ; Packed LCs ; Full Hierarchy Name                                                                                         ; Library Name ;
+-------------------------------------------------+-------------+--------------+-------------+--------------+---------+-----------+-----------+------+--------------+--------------+-------------------+------------------+-----------------+------------+-------------------------------------------------------------------------------------------------------------+--------------+
; |SIFL4                                          ; 95 (8)      ; 41           ; 2048        ; 0            ; 0       ; 0         ; 0         ; 69   ; 0            ; 54 (8)       ; 29 (0)            ; 12 (0)           ; 12 (0)          ; 0 (0)      ; |SIFL4                                                                                                      ; work         ;
;    |Manage:inst12|                              ; 55 (3)      ; 25           ; 0           ; 0            ; 0       ; 0         ; 0         ; 0    ; 0            ; 30 (3)       ; 13 (0)            ; 12 (0)           ; 12 (0)          ; 0 (0)      ; |SIFL4|Manage:inst12                                                                                        ;              ;
;       |DivergentBlock:inst15|                   ; 19 (0)      ; 4            ; 0           ; 0            ; 0       ; 0         ; 0         ; 0    ; 0            ; 15 (0)       ; 0 (0)             ; 4 (0)            ; 4 (0)           ; 0 (0)      ; |SIFL4|Manage:inst12|DivergentBlock:inst15                                                                  ; work         ;
;          |16dmux:inst|                          ; 15 (15)     ; 0            ; 0           ; 0            ; 0       ; 0         ; 0         ; 0    ; 0            ; 15 (15)      ; 0 (0)             ; 0 (0)            ; 0 (0)           ; 0 (0)      ; |SIFL4|Manage:inst12|DivergentBlock:inst15|16dmux:inst                                                      ; work         ;
;          |74163:inst1|                          ; 4 (0)       ; 4            ; 0           ; 0            ; 0       ; 0         ; 0         ; 0    ; 0            ; 0 (0)        ; 0 (0)             ; 4 (0)            ; 4 (0)           ; 0 (0)      ; |SIFL4|Manage:inst12|DivergentBlock:inst15|74163:inst1                                                      ; work         ;
;             |f74163:sub|                        ; 4 (4)       ; 4            ; 0           ; 0            ; 0       ; 0         ; 0         ; 0    ; 0            ; 0 (0)        ; 0 (0)             ; 4 (4)            ; 4 (4)           ; 0 (0)      ; |SIFL4|Manage:inst12|DivergentBlock:inst15|74163:inst1|f74163:sub                                           ; work         ;
;       |FlagsRegister:inst3|                     ; 2 (2)       ; 1            ; 0           ; 0            ; 0       ; 0         ; 0         ; 0    ; 0            ; 1 (1)        ; 1 (1)             ; 0 (0)            ; 0 (0)           ; 0 (0)      ; |SIFL4|Manage:inst12|FlagsRegister:inst3                                                                    ; work         ;
;       |IP:inst8|                                ; 17 (1)      ; 8            ; 0           ; 0            ; 0       ; 0         ; 0         ; 0    ; 0            ; 9 (1)        ; 0 (0)             ; 8 (0)            ; 8 (0)           ; 0 (0)      ; |SIFL4|Manage:inst12|IP:inst8                                                                               ; work         ;
;          |busmux:inst2|                         ; 8 (0)       ; 0            ; 0           ; 0            ; 0       ; 0         ; 0         ; 0    ; 0            ; 8 (0)        ; 0 (0)             ; 0 (0)            ; 0 (0)           ; 0 (0)      ; |SIFL4|Manage:inst12|IP:inst8|busmux:inst2                                                                  ; work         ;
;             |lpm_mux:$00000|                    ; 8 (0)       ; 0            ; 0           ; 0            ; 0       ; 0         ; 0         ; 0    ; 0            ; 8 (0)        ; 0 (0)             ; 0 (0)            ; 0 (0)           ; 0 (0)      ; |SIFL4|Manage:inst12|IP:inst8|busmux:inst2|lpm_mux:$00000                                                   ; work         ;
;                |mux_cgc:auto_generated|         ; 8 (8)       ; 0            ; 0           ; 0            ; 0       ; 0         ; 0         ; 0    ; 0            ; 8 (8)        ; 0 (0)             ; 0 (0)            ; 0 (0)           ; 0 (0)      ; |SIFL4|Manage:inst12|IP:inst8|busmux:inst2|lpm_mux:$00000|mux_cgc:auto_generated                            ; work         ;
;          |lpm_counter1:inst19|                  ; 8 (0)       ; 8            ; 0           ; 0            ; 0       ; 0         ; 0         ; 0    ; 0            ; 0 (0)        ; 0 (0)             ; 8 (0)            ; 8 (0)           ; 0 (0)      ; |SIFL4|Manage:inst12|IP:inst8|lpm_counter1:inst19                                                           ; work         ;
;             |lpm_counter:lpm_counter_component| ; 8 (0)       ; 8            ; 0           ; 0            ; 0       ; 0         ; 0         ; 0    ; 0            ; 0 (0)        ; 0 (0)             ; 8 (0)            ; 8 (0)           ; 0 (0)      ; |SIFL4|Manage:inst12|IP:inst8|lpm_counter1:inst19|lpm_counter:lpm_counter_component                         ; work         ;
;                |cntr_kdi:auto_generated|        ; 8 (8)       ; 8            ; 0           ; 0            ; 0       ; 0         ; 0         ; 0    ; 0            ; 0 (0)        ; 0 (0)             ; 8 (8)            ; 8 (8)           ; 0 (0)      ; |SIFL4|Manage:inst12|IP:inst8|lpm_counter1:inst19|lpm_counter:lpm_counter_component|cntr_kdi:auto_generated ; work         ;
;       |commandDecoder:inst5|                    ; 2 (2)       ; 0            ; 0           ; 0            ; 0       ; 0         ; 0         ; 0    ; 0            ; 2 (2)        ; 0 (0)             ; 0 (0)            ; 0 (0)           ; 0 (0)      ; |SIFL4|Manage:inst12|commandDecoder:inst5                                                                   ; work         ;
;       |lpm_dff5:inst10|                         ; 4 (0)       ; 4            ; 0           ; 0            ; 0       ; 0         ; 0         ; 0    ; 0            ; 0 (0)        ; 4 (0)             ; 0 (0)            ; 0 (0)           ; 0 (0)      ; |SIFL4|Manage:inst12|lpm_dff5:inst10                                                                        ; work         ;
;          |lpm_ff:lpm_ff_component|              ; 4 (4)       ; 4            ; 0           ; 0            ; 0       ; 0         ; 0         ; 0    ; 0            ; 0 (0)        ; 4 (4)             ; 0 (0)            ; 0 (0)           ; 0 (0)      ; |SIFL4|Manage:inst12|lpm_dff5:inst10|lpm_ff:lpm_ff_component                                                ; work         ;
;       |lpm_dff5:inst7|                          ; 4 (0)       ; 4            ; 0           ; 0            ; 0       ; 0         ; 0         ; 0    ; 0            ; 0 (0)        ; 4 (0)             ; 0 (0)            ; 0 (0)           ; 0 (0)      ; |SIFL4|Manage:inst12|lpm_dff5:inst7                                                                         ; work         ;
;          |lpm_ff:lpm_ff_component|              ; 4 (4)       ; 4            ; 0           ; 0            ; 0       ; 0         ; 0         ; 0    ; 0            ; 0 (0)        ; 4 (4)             ; 0 (0)            ; 0 (0)           ; 0 (0)      ; |SIFL4|Manage:inst12|lpm_dff5:inst7|lpm_ff:lpm_ff_component                                                 ; work         ;
;       |lpm_dff5:inst9|                          ; 4 (0)       ; 4            ; 0           ; 0            ; 0       ; 0         ; 0         ; 0    ; 0            ; 0 (0)        ; 4 (0)             ; 0 (0)            ; 0 (0)           ; 0 (0)      ; |SIFL4|Manage:inst12|lpm_dff5:inst9                                                                         ; work         ;
;          |lpm_ff:lpm_ff_component|              ; 4 (4)       ; 4            ; 0           ; 0            ; 0       ; 0         ; 0         ; 0    ; 0            ; 0 (0)        ; 4 (4)             ; 0 (0)            ; 0 (0)           ; 0 (0)      ; |SIFL4|Manage:inst12|lpm_dff5:inst9|lpm_ff:lpm_ff_component                                                 ; work         ;
;    |RONWren:inst8|                              ; 20 (4)      ; 16           ; 0           ; 0            ; 0       ; 0         ; 0         ; 0    ; 0            ; 4 (4)        ; 16 (0)            ; 0 (0)            ; 0 (0)           ; 0 (0)      ; |SIFL4|RONWren:inst8                                                                                        ; work         ;
;       |RON:inst1|                               ; 16 (0)      ; 16           ; 0           ; 0            ; 0       ; 0         ; 0         ; 0    ; 0            ; 0 (0)        ; 16 (0)            ; 0 (0)            ; 0 (0)           ; 0 (0)      ; |SIFL4|RONWren:inst8|RON:inst1                                                                              ; work         ;
;          |lpm_dff3:inst1|                       ; 4 (0)       ; 4            ; 0           ; 0            ; 0       ; 0         ; 0         ; 0    ; 0            ; 0 (0)        ; 4 (0)             ; 0 (0)            ; 0 (0)           ; 0 (0)      ; |SIFL4|RONWren:inst8|RON:inst1|lpm_dff3:inst1                                                               ; work         ;
;             |lpm_ff:lpm_ff_component|           ; 4 (4)       ; 4            ; 0           ; 0            ; 0       ; 0         ; 0         ; 0    ; 0            ; 0 (0)        ; 4 (4)             ; 0 (0)            ; 0 (0)           ; 0 (0)      ; |SIFL4|RONWren:inst8|RON:inst1|lpm_dff3:inst1|lpm_ff:lpm_ff_component                                       ;              ;
;          |lpm_dff3:inst2|                       ; 4 (0)       ; 4            ; 0           ; 0            ; 0       ; 0         ; 0         ; 0    ; 0            ; 0 (0)        ; 4 (0)             ; 0 (0)            ; 0 (0)           ; 0 (0)      ; |SIFL4|RONWren:inst8|RON:inst1|lpm_dff3:inst2                                                               ;              ;
;             |lpm_ff:lpm_ff_component|           ; 4 (4)       ; 4            ; 0           ; 0            ; 0       ; 0         ; 0         ; 0    ; 0            ; 0 (0)        ; 4 (4)             ; 0 (0)            ; 0 (0)           ; 0 (0)      ; |SIFL4|RONWren:inst8|RON:inst1|lpm_dff3:inst2|lpm_ff:lpm_ff_component                                       ;              ;
;          |lpm_dff3:inst3|                       ; 4 (0)       ; 4            ; 0           ; 0            ; 0       ; 0         ; 0         ; 0    ; 0            ; 0 (0)        ; 4 (0)             ; 0 (0)            ; 0 (0)           ; 0 (0)      ; |SIFL4|RONWren:inst8|RON:inst1|lpm_dff3:inst3                                                               ;              ;
;             |lpm_ff:lpm_ff_component|           ; 4 (4)       ; 4            ; 0           ; 0            ; 0       ; 0         ; 0         ; 0    ; 0            ; 0 (0)        ; 4 (4)             ; 0 (0)            ; 0 (0)           ; 0 (0)      ; |SIFL4|RONWren:inst8|RON:inst1|lpm_dff3:inst3|lpm_ff:lpm_ff_component                                       ; work         ;
;          |lpm_dff3:inst|                        ; 4 (0)       ; 4            ; 0           ; 0            ; 0       ; 0         ; 0         ; 0    ; 0            ; 0 (0)        ; 4 (0)             ; 0 (0)            ; 0 (0)           ; 0 (0)      ; |SIFL4|RONWren:inst8|RON:inst1|lpm_dff3:inst                                                                ; work         ;
;             |lpm_ff:lpm_ff_component|           ; 4 (4)       ; 4            ; 0           ; 0            ; 0       ; 0         ; 0         ; 0    ; 0            ; 0 (0)        ; 4 (4)             ; 0 (0)            ; 0 (0)           ; 0 (0)      ; |SIFL4|RONWren:inst8|RON:inst1|lpm_dff3:inst|lpm_ff:lpm_ff_component                                        ; work         ;
;    |lpm_or3:inst11|                             ; 4 (0)       ; 0            ; 0           ; 0            ; 0       ; 0         ; 0         ; 0    ; 0            ; 4 (0)        ; 0 (0)             ; 0 (0)            ; 0 (0)           ; 0 (0)      ; |SIFL4|lpm_or3:inst11                                                                                       ; work         ;
;       |lpm_or:lpm_or_component|                 ; 4 (4)       ; 0            ; 0           ; 0            ; 0       ; 0         ; 0         ; 0    ; 0            ; 4 (4)        ; 0 (0)             ; 0 (0)            ; 0 (0)           ; 0 (0)      ; |SIFL4|lpm_or3:inst11|lpm_or:lpm_or_component                                                               ; work         ;
;    |lpm_or4:inst17|                             ; 8 (0)       ; 0            ; 0           ; 0            ; 0       ; 0         ; 0         ; 0    ; 0            ; 8 (0)        ; 0 (0)             ; 0 (0)            ; 0 (0)           ; 0 (0)      ; |SIFL4|lpm_or4:inst17                                                                                       ; work         ;
;       |lpm_or:lpm_or_component|                 ; 8 (8)       ; 0            ; 0           ; 0            ; 0       ; 0         ; 0         ; 0    ; 0            ; 8 (8)        ; 0 (0)             ; 0 (0)            ; 0 (0)           ; 0 (0)      ; |SIFL4|lpm_or4:inst17|lpm_or:lpm_or_component                                                               ;              ;
;    |lpm_ram_dq3:inst3|                          ; 0 (0)       ; 0            ; 1024        ; 0            ; 0       ; 0         ; 0         ; 0    ; 0            ; 0 (0)        ; 0 (0)             ; 0 (0)            ; 0 (0)           ; 0 (0)      ; |SIFL4|lpm_ram_dq3:inst3                                                                                    ; work         ;
;       |altsyncram:altsyncram_component|         ; 0 (0)       ; 0            ; 1024        ; 0            ; 0       ; 0         ; 0         ; 0    ; 0            ; 0 (0)        ; 0 (0)             ; 0 (0)            ; 0 (0)           ; 0 (0)      ; |SIFL4|lpm_ram_dq3:inst3|altsyncram:altsyncram_component                                                    ; work         ;
;          |altsyncram_n0c1:auto_generated|       ; 0 (0)       ; 0            ; 1024        ; 0            ; 0       ; 0         ; 0         ; 0    ; 0            ; 0 (0)        ; 0 (0)             ; 0 (0)            ; 0 (0)           ; 0 (0)      ; |SIFL4|lpm_ram_dq3:inst3|altsyncram:altsyncram_component|altsyncram_n0c1:auto_generated                     ; work         ;
;    |lpm_rom3:inst|                              ; 0 (0)       ; 0            ; 1024        ; 0            ; 0       ; 0         ; 0         ; 0    ; 0            ; 0 (0)        ; 0 (0)             ; 0 (0)            ; 0 (0)           ; 0 (0)      ; |SIFL4|lpm_rom3:inst                                                                                        ; work         ;
;       |altsyncram:altsyncram_component|         ; 0 (0)       ; 0            ; 1024        ; 0            ; 0       ; 0         ; 0         ; 0    ; 0            ; 0 (0)        ; 0 (0)             ; 0 (0)            ; 0 (0)           ; 0 (0)      ; |SIFL4|lpm_rom3:inst|altsyncram:altsyncram_component                                                        ; work         ;
;          |altsyncram_7a31:auto_generated|       ; 0 (0)       ; 0            ; 1024        ; 0            ; 0       ; 0         ; 0         ; 0    ; 0            ; 0 (0)        ; 0 (0)             ; 0 (0)            ; 0 (0)           ; 0 (0)      ; |SIFL4|lpm_rom3:inst|altsyncram:altsyncram_component|altsyncram_7a31:auto_generated                         ; work         ;
+-------------------------------------------------+-------------+--------------+-------------+--------------+---------+-----------+-----------+------+--------------+--------------+-------------------+------------------+-----------------+------------+-------------------------------------------------------------------------------------------------------------+--------------+
Note: For table entries with two numbers listed, the numbers in parentheses indicate the number of resources of the given type used by the specific entity alone. The numbers listed outside of parentheses indicate the total resources of the given type used by the specific entity and all of its sub-entities in the hierarchy.


+----------------------------------------------------------------------------------------------------------------------------------------------------------------------------------------------------+
; Analysis & Synthesis RAM Summary                                                                                                                                                                   ;
+---------------------------------------------------------------------------------------------+------+-------------+--------------+--------------+--------------+--------------+------+--------------+
; Name                                                                                        ; Type ; Mode        ; Port A Depth ; Port A Width ; Port B Depth ; Port B Width ; Size ; MIF          ;
+---------------------------------------------------------------------------------------------+------+-------------+--------------+--------------+--------------+--------------+------+--------------+
; lpm_ram_dq3:inst3|altsyncram:altsyncram_component|altsyncram_n0c1:auto_generated|ALTSYNCRAM ; AUTO ; Single Port ; 256          ; 4            ; --           ; --           ; 1024 ; RAM.hex      ;
; lpm_rom3:inst|altsyncram:altsyncram_component|altsyncram_7a31:auto_generated|ALTSYNCRAM     ; AUTO ; ROM         ; 256          ; 4            ; --           ; --           ; 1024 ; Commands.hex ;
+---------------------------------------------------------------------------------------------+------+-------------+--------------+--------------+--------------+--------------+------+--------------+


+------------------------------------------------------+
; General Register Statistics                          ;
+----------------------------------------------+-------+
; Statistic                                    ; Value ;
+----------------------------------------------+-------+
; Total registers                              ; 41    ;
; Number of registers using Synchronous Clear  ; 0     ;
; Number of registers using Synchronous Load   ; 8     ;
; Number of registers using Asynchronous Clear ; 0     ;
; Number of registers using Asynchronous Load  ; 0     ;
; Number of registers using Clock Enable       ; 0     ;
; Number of registers using Preset             ; 0     ;
+----------------------------------------------+-------+


+-----------------------------------------------------------------------------------------------------+
; Source assignments for Manage:inst12|IP:inst8|lpm_counter1:inst19|lpm_counter:lpm_counter_component ;
+---------------------------+-------+------+----------------------------------------------------------+
; Assignment                ; Value ; From ; To                                                       ;
+---------------------------+-------+------+----------------------------------------------------------+
; SUPPRESS_DA_RULE_INTERNAL ; a101  ; -    ; -                                                        ;
; SUPPRESS_DA_RULE_INTERNAL ; s102  ; -    ; -                                                        ;
; SUPPRESS_DA_RULE_INTERNAL ; s103  ; -    ; -                                                        ;
+---------------------------+-------+------+----------------------------------------------------------+


+-----------------------------------------------------------------------------------------------------+
; Source assignments for lpm_rom3:inst|altsyncram:altsyncram_component|altsyncram_7a31:auto_generated ;
+---------------------------------+--------------------+------+---------------------------------------+
; Assignment                      ; Value              ; From ; To                                    ;
+---------------------------------+--------------------+------+---------------------------------------+
; OPTIMIZE_POWER_DURING_SYNTHESIS ; NORMAL_COMPILATION ; -    ; -                                     ;
+---------------------------------+--------------------+------+---------------------------------------+


+---------------------------------------------------------------------------------------------------------+
; Source assignments for lpm_ram_dq3:inst3|altsyncram:altsyncram_component|altsyncram_n0c1:auto_generated ;
+---------------------------------+--------------------+------+-------------------------------------------+
; Assignment                      ; Value              ; From ; To                                        ;
+---------------------------------+--------------------+------+-------------------------------------------+
; OPTIMIZE_POWER_DURING_SYNTHESIS ; NORMAL_COMPILATION ; -    ; -                                         ;
+---------------------------------+--------------------+------+-------------------------------------------+


+----------------------------------------------------------------------------------------------+
; Parameter Settings for User Entity Instance: Manage:inst12|DivergentBlock:inst15|74163:inst1 ;
+------------------------+---------+-----------------------------------------------------------+
; Parameter Name         ; Value   ; Type                                                      ;
+------------------------+---------+-----------------------------------------------------------+
; DEVICE_FAMILY          ; Stratix ; Untyped                                                   ;
; AUTO_CARRY_CHAINS      ; ON      ; AUTO_CARRY                                                ;
; IGNORE_CARRY_BUFFERS   ; OFF     ; IGNORE_CARRY                                              ;
; AUTO_CASCADE_CHAINS    ; ON      ; AUTO_CASCADE                                              ;
; IGNORE_CASCADE_BUFFERS ; OFF     ; IGNORE_CASCADE                                            ;
+------------------------+---------+-----------------------------------------------------------+
Note: In order to hide this table in the UI and the text report file, please set the "Show Parameter Settings Tables in Synthesis Report" option in "Analysis and Synthesis Settings -> More Settings" to "Off".


+---------------------------------------------------------------------------------------------------+
; Parameter Settings for User Entity Instance: Manage:inst12|lpm_dff5:inst7|lpm_ff:lpm_ff_component ;
+------------------------+---------+----------------------------------------------------------------+
; Parameter Name         ; Value   ; Type                                                           ;
+------------------------+---------+----------------------------------------------------------------+
; LPM_WIDTH              ; 4       ; Signed Integer                                                 ;
; LPM_AVALUE             ; UNUSED  ; Untyped                                                        ;
; LPM_SVALUE             ; UNUSED  ; Untyped                                                        ;
; LPM_FFTYPE             ; DFF     ; Untyped                                                        ;
; DEVICE_FAMILY          ; Stratix ; Untyped                                                        ;
; CBXI_PARAMETER         ; NOTHING ; Untyped                                                        ;
; AUTO_CARRY_CHAINS      ; ON      ; AUTO_CARRY                                                     ;
; IGNORE_CARRY_BUFFERS   ; OFF     ; IGNORE_CARRY                                                   ;
; AUTO_CASCADE_CHAINS    ; ON      ; AUTO_CASCADE                                                   ;
; IGNORE_CASCADE_BUFFERS ; OFF     ; IGNORE_CASCADE                                                 ;
+------------------------+---------+----------------------------------------------------------------+
Note: In order to hide this table in the UI and the text report file, please set the "Show Parameter Settings Tables in Synthesis Report" option in "Analysis and Synthesis Settings -> More Settings" to "Off".


+---------------------------------------------------------------------------------------------------+
; Parameter Settings for User Entity Instance: Manage:inst12|lpm_dff5:inst9|lpm_ff:lpm_ff_component ;
+------------------------+---------+----------------------------------------------------------------+
; Parameter Name         ; Value   ; Type                                                           ;
+------------------------+---------+----------------------------------------------------------------+
; LPM_WIDTH              ; 4       ; Signed Integer                                                 ;
; LPM_AVALUE             ; UNUSED  ; Untyped                                                        ;
; LPM_SVALUE             ; UNUSED  ; Untyped                                                        ;
; LPM_FFTYPE             ; DFF     ; Untyped                                                        ;
; DEVICE_FAMILY          ; Stratix ; Untyped                                                        ;
; CBXI_PARAMETER         ; NOTHING ; Untyped                                                        ;
; AUTO_CARRY_CHAINS      ; ON      ; AUTO_CARRY                                                     ;
; IGNORE_CARRY_BUFFERS   ; OFF     ; IGNORE_CARRY                                                   ;
; AUTO_CASCADE_CHAINS    ; ON      ; AUTO_CASCADE                                                   ;
; IGNORE_CASCADE_BUFFERS ; OFF     ; IGNORE_CASCADE                                                 ;
+------------------------+---------+----------------------------------------------------------------+
Note: In order to hide this table in the UI and the text report file, please set the "Show Parameter Settings Tables in Synthesis Report" option in "Analysis and Synthesis Settings -> More Settings" to "Off".


+----------------------------------------------------------------------------------------------------+
; Parameter Settings for User Entity Instance: Manage:inst12|lpm_dff5:inst10|lpm_ff:lpm_ff_component ;
+------------------------+---------+-----------------------------------------------------------------+
; Parameter Name         ; Value   ; Type                                                            ;
+------------------------+---------+-----------------------------------------------------------------+
; LPM_WIDTH              ; 4       ; Signed Integer                                                  ;
; LPM_AVALUE             ; UNUSED  ; Untyped                                                         ;
; LPM_SVALUE             ; UNUSED  ; Untyped                                                         ;
; LPM_FFTYPE             ; DFF     ; Untyped                                                         ;
; DEVICE_FAMILY          ; Stratix ; Untyped                                                         ;
; CBXI_PARAMETER         ; NOTHING ; Untyped                                                         ;
; AUTO_CARRY_CHAINS      ; ON      ; AUTO_CARRY                                                      ;
; IGNORE_CARRY_BUFFERS   ; OFF     ; IGNORE_CARRY                                                    ;
; AUTO_CASCADE_CHAINS    ; ON      ; AUTO_CASCADE                                                    ;
; IGNORE_CASCADE_BUFFERS ; OFF     ; IGNORE_CASCADE                                                  ;
+------------------------+---------+-----------------------------------------------------------------+
Note: In order to hide this table in the UI and the text report file, please set the "Show Parameter Settings Tables in Synthesis Report" option in "Analysis and Synthesis Settings -> More Settings" to "Off".


+---------------------------------------------------------------------------------------------------------------------------+
; Parameter Settings for User Entity Instance: Manage:inst12|IP:inst8|lpm_counter1:inst19|lpm_counter:lpm_counter_component ;
+------------------------+-------------+------------------------------------------------------------------------------------+
; Parameter Name         ; Value       ; Type                                                                               ;
+------------------------+-------------+------------------------------------------------------------------------------------+
; AUTO_CARRY_CHAINS      ; ON          ; AUTO_CARRY                                                                         ;
; IGNORE_CARRY_BUFFERS   ; OFF         ; IGNORE_CARRY                                                                       ;
; AUTO_CASCADE_CHAINS    ; ON          ; AUTO_CASCADE                                                                       ;
; IGNORE_CASCADE_BUFFERS ; OFF         ; IGNORE_CASCADE                                                                     ;
; LPM_WIDTH              ; 8           ; Signed Integer                                                                     ;
; LPM_DIRECTION          ; UP          ; Untyped                                                                            ;
; LPM_MODULUS            ; 0           ; Untyped                                                                            ;
; LPM_AVALUE             ; UNUSED      ; Untyped                                                                            ;
; LPM_SVALUE             ; UNUSED      ; Untyped                                                                            ;
; LPM_PORT_UPDOWN        ; PORT_UNUSED ; Untyped                                                                            ;
; DEVICE_FAMILY          ; Stratix     ; Untyped                                                                            ;
; CARRY_CHAIN            ; MANUAL      ; Untyped                                                                            ;
; CARRY_CHAIN_LENGTH     ; 48          ; CARRY_CHAIN_LENGTH                                                                 ;
; NOT_GATE_PUSH_BACK     ; ON          ; NOT_GATE_PUSH_BACK                                                                 ;
; CARRY_CNT_EN           ; SMART       ; Untyped                                                                            ;
; LABWIDE_SCLR           ; ON          ; Untyped                                                                            ;
; USE_NEW_VERSION        ; TRUE        ; Untyped                                                                            ;
; CBXI_PARAMETER         ; cntr_kdi    ; Untyped                                                                            ;
+------------------------+-------------+------------------------------------------------------------------------------------+
Note: In order to hide this table in the UI and the text report file, please set the "Show Parameter Settings Tables in Synthesis Report" option in "Analysis and Synthesis Settings -> More Settings" to "Off".


+----------------------------------------------------------------------------------+
; Parameter Settings for User Entity Instance: Manage:inst12|IP:inst8|BUSMUX:inst2 ;
+----------------+-------+---------------------------------------------------------+
; Parameter Name ; Value ; Type                                                    ;
+----------------+-------+---------------------------------------------------------+
; WIDTH          ; 8     ; Signed Integer                                          ;
+----------------+-------+---------------------------------------------------------+
Note: In order to hide this table in the UI and the text report file, please set the "Show Parameter Settings Tables in Synthesis Report" option in "Analysis and Synthesis Settings -> More Settings" to "Off".


+-------------------------------------------------------------------------------------+
; Parameter Settings for User Entity Instance: lpm_or3:inst11|LPM_OR:lpm_or_component ;
+------------------------+---------+--------------------------------------------------+
; Parameter Name         ; Value   ; Type                                             ;
+------------------------+---------+--------------------------------------------------+
; AUTO_CARRY_CHAINS      ; ON      ; AUTO_CARRY                                       ;
; IGNORE_CARRY_BUFFERS   ; OFF     ; IGNORE_CARRY                                     ;
; AUTO_CASCADE_CHAINS    ; ON      ; AUTO_CASCADE                                     ;
; IGNORE_CASCADE_BUFFERS ; OFF     ; IGNORE_CASCADE                                   ;
; LPM_WIDTH              ; 4       ; Signed Integer                                   ;
; LPM_SIZE               ; 2       ; Signed Integer                                   ;
; CARRY_CHAIN_LENGTH     ; 48      ; CARRY_CHAIN_LENGTH                               ;
; CARRY_CHAIN            ; MANUAL  ; Untyped                                          ;
; CASCADE_CHAIN          ; MANUAL  ; Untyped                                          ;
; DEVICE_FAMILY          ; Stratix ; Untyped                                          ;
+------------------------+---------+--------------------------------------------------+
Note: In order to hide this table in the UI and the text report file, please set the "Show Parameter Settings Tables in Synthesis Report" option in "Analysis and Synthesis Settings -> More Settings" to "Off".


+--------------------------------------------------------------------------------------------+
; Parameter Settings for User Entity Instance: lpm_rom3:inst|altsyncram:altsyncram_component ;
+------------------------------------+----------------------+--------------------------------+
; Parameter Name                     ; Value                ; Type                           ;
+------------------------------------+----------------------+--------------------------------+
; BYTE_SIZE_BLOCK                    ; 8                    ; Untyped                        ;
; AUTO_CARRY_CHAINS                  ; ON                   ; AUTO_CARRY                     ;
; IGNORE_CARRY_BUFFERS               ; OFF                  ; IGNORE_CARRY                   ;
; AUTO_CASCADE_CHAINS                ; ON                   ; AUTO_CASCADE                   ;
; IGNORE_CASCADE_BUFFERS             ; OFF                  ; IGNORE_CASCADE                 ;
; WIDTH_BYTEENA                      ; 1                    ; Untyped                        ;
; OPERATION_MODE                     ; ROM                  ; Untyped                        ;
; WIDTH_A                            ; 4                    ; Signed Integer                 ;
; WIDTHAD_A                          ; 8                    ; Signed Integer                 ;
; NUMWORDS_A                         ; 256                  ; Signed Integer                 ;
; OUTDATA_REG_A                      ; CLOCK0               ; Untyped                        ;
; ADDRESS_ACLR_A                     ; NONE                 ; Untyped                        ;
; OUTDATA_ACLR_A                     ; NONE                 ; Untyped                        ;
; WRCONTROL_ACLR_A                   ; NONE                 ; Untyped                        ;
; INDATA_ACLR_A                      ; NONE                 ; Untyped                        ;
; BYTEENA_ACLR_A                     ; NONE                 ; Untyped                        ;
; WIDTH_B                            ; 1                    ; Untyped                        ;
; WIDTHAD_B                          ; 1                    ; Untyped                        ;
; NUMWORDS_B                         ; 1                    ; Untyped                        ;
; INDATA_REG_B                       ; CLOCK1               ; Untyped                        ;
; WRCONTROL_WRADDRESS_REG_B          ; CLOCK1               ; Untyped                        ;
; RDCONTROL_REG_B                    ; CLOCK1               ; Untyped                        ;
; ADDRESS_REG_B                      ; CLOCK1               ; Untyped                        ;
; OUTDATA_REG_B                      ; UNREGISTERED         ; Untyped                        ;
; BYTEENA_REG_B                      ; CLOCK1               ; Untyped                        ;
; INDATA_ACLR_B                      ; NONE                 ; Untyped                        ;
; WRCONTROL_ACLR_B                   ; NONE                 ; Untyped                        ;
; ADDRESS_ACLR_B                     ; NONE                 ; Untyped                        ;
; OUTDATA_ACLR_B                     ; NONE                 ; Untyped                        ;
; RDCONTROL_ACLR_B                   ; NONE                 ; Untyped                        ;
; BYTEENA_ACLR_B                     ; NONE                 ; Untyped                        ;
; WIDTH_BYTEENA_A                    ; 1                    ; Signed Integer                 ;
; WIDTH_BYTEENA_B                    ; 1                    ; Untyped                        ;
; RAM_BLOCK_TYPE                     ; AUTO                 ; Untyped                        ;
; BYTE_SIZE                          ; 8                    ; Untyped                        ;
; READ_DURING_WRITE_MODE_MIXED_PORTS ; DONT_CARE            ; Untyped                        ;
; READ_DURING_WRITE_MODE_PORT_A      ; NEW_DATA_NO_NBE_READ ; Untyped                        ;
; READ_DURING_WRITE_MODE_PORT_B      ; NEW_DATA_NO_NBE_READ ; Untyped                        ;
; INIT_FILE                          ; Commands.hex         ; Untyped                        ;
; INIT_FILE_LAYOUT                   ; PORT_A               ; Untyped                        ;
; MAXIMUM_DEPTH                      ; 0                    ; Untyped                        ;
; CLOCK_ENABLE_INPUT_A               ; NORMAL               ; Untyped                        ;
; CLOCK_ENABLE_INPUT_B               ; NORMAL               ; Untyped                        ;
; CLOCK_ENABLE_OUTPUT_A              ; NORMAL               ; Untyped                        ;
; CLOCK_ENABLE_OUTPUT_B              ; NORMAL               ; Untyped                        ;
; CLOCK_ENABLE_CORE_A                ; USE_INPUT_CLKEN      ; Untyped                        ;
; CLOCK_ENABLE_CORE_B                ; USE_INPUT_CLKEN      ; Untyped                        ;
; ENABLE_ECC                         ; FALSE                ; Untyped                        ;
; DEVICE_FAMILY                      ; Stratix              ; Untyped                        ;
; CBXI_PARAMETER                     ; altsyncram_7a31      ; Untyped                        ;
+------------------------------------+----------------------+--------------------------------+
Note: In order to hide this table in the UI and the text report file, please set the "Show Parameter Settings Tables in Synthesis Report" option in "Analysis and Synthesis Settings -> More Settings" to "Off".


+-------------------------------------------------------------------------------------+
; Parameter Settings for User Entity Instance: lpm_or4:inst17|LPM_OR:lpm_or_component ;
+------------------------+---------+--------------------------------------------------+
; Parameter Name         ; Value   ; Type                                             ;
+------------------------+---------+--------------------------------------------------+
; AUTO_CARRY_CHAINS      ; ON      ; AUTO_CARRY                                       ;
; IGNORE_CARRY_BUFFERS   ; OFF     ; IGNORE_CARRY                                     ;
; AUTO_CASCADE_CHAINS    ; ON      ; AUTO_CASCADE                                     ;
; IGNORE_CASCADE_BUFFERS ; OFF     ; IGNORE_CASCADE                                   ;
; LPM_WIDTH              ; 8       ; Signed Integer                                   ;
; LPM_SIZE               ; 2       ; Signed Integer                                   ;
; CARRY_CHAIN_LENGTH     ; 48      ; CARRY_CHAIN_LENGTH                               ;
; CARRY_CHAIN            ; MANUAL  ; Untyped                                          ;
; CASCADE_CHAIN          ; MANUAL  ; Untyped                                          ;
; DEVICE_FAMILY          ; Stratix ; Untyped                                          ;
+------------------------+---------+--------------------------------------------------+
Note: In order to hide this table in the UI and the text report file, please set the "Show Parameter Settings Tables in Synthesis Report" option in "Analysis and Synthesis Settings -> More Settings" to "Off".


+------------------------------------------------------------------------------------------------+
; Parameter Settings for User Entity Instance: lpm_ram_dq3:inst3|altsyncram:altsyncram_component ;
+------------------------------------+----------------------+------------------------------------+
; Parameter Name                     ; Value                ; Type                               ;
+------------------------------------+----------------------+------------------------------------+
; BYTE_SIZE_BLOCK                    ; 8                    ; Untyped                            ;
; AUTO_CARRY_CHAINS                  ; ON                   ; AUTO_CARRY                         ;
; IGNORE_CARRY_BUFFERS               ; OFF                  ; IGNORE_CARRY                       ;
; AUTO_CASCADE_CHAINS                ; ON                   ; AUTO_CASCADE                       ;
; IGNORE_CASCADE_BUFFERS             ; OFF                  ; IGNORE_CASCADE                     ;
; WIDTH_BYTEENA                      ; 1                    ; Untyped                            ;
; OPERATION_MODE                     ; SINGLE_PORT          ; Untyped                            ;
; WIDTH_A                            ; 4                    ; Signed Integer                     ;
; WIDTHAD_A                          ; 8                    ; Signed Integer                     ;
; NUMWORDS_A                         ; 256                  ; Signed Integer                     ;
; OUTDATA_REG_A                      ; CLOCK0               ; Untyped                            ;
; ADDRESS_ACLR_A                     ; NONE                 ; Untyped                            ;
; OUTDATA_ACLR_A                     ; NONE                 ; Untyped                            ;
; WRCONTROL_ACLR_A                   ; NONE                 ; Untyped                            ;
; INDATA_ACLR_A                      ; NONE                 ; Untyped                            ;
; BYTEENA_ACLR_A                     ; NONE                 ; Untyped                            ;
; WIDTH_B                            ; 1                    ; Untyped                            ;
; WIDTHAD_B                          ; 1                    ; Untyped                            ;
; NUMWORDS_B                         ; 1                    ; Untyped                            ;
; INDATA_REG_B                       ; CLOCK1               ; Untyped                            ;
; WRCONTROL_WRADDRESS_REG_B          ; CLOCK1               ; Untyped                            ;
; RDCONTROL_REG_B                    ; CLOCK1               ; Untyped                            ;
; ADDRESS_REG_B                      ; CLOCK1               ; Untyped                            ;
; OUTDATA_REG_B                      ; UNREGISTERED         ; Untyped                            ;
; BYTEENA_REG_B                      ; CLOCK1               ; Untyped                            ;
; INDATA_ACLR_B                      ; NONE                 ; Untyped                            ;
; WRCONTROL_ACLR_B                   ; NONE                 ; Untyped                            ;
; ADDRESS_ACLR_B                     ; NONE                 ; Untyped                            ;
; OUTDATA_ACLR_B                     ; NONE                 ; Untyped                            ;
; RDCONTROL_ACLR_B                   ; NONE                 ; Untyped                            ;
; BYTEENA_ACLR_B                     ; NONE                 ; Untyped                            ;
; WIDTH_BYTEENA_A                    ; 1                    ; Signed Integer                     ;
; WIDTH_BYTEENA_B                    ; 1                    ; Untyped                            ;
; RAM_BLOCK_TYPE                     ; AUTO                 ; Untyped                            ;
; BYTE_SIZE                          ; 8                    ; Untyped                            ;
; READ_DURING_WRITE_MODE_MIXED_PORTS ; DONT_CARE            ; Untyped                            ;
; READ_DURING_WRITE_MODE_PORT_A      ; NEW_DATA_NO_NBE_READ ; Untyped                            ;
; READ_DURING_WRITE_MODE_PORT_B      ; NEW_DATA_NO_NBE_READ ; Untyped                            ;
; INIT_FILE                          ; RAM.hex              ; Untyped                            ;
; INIT_FILE_LAYOUT                   ; PORT_A               ; Untyped                            ;
; MAXIMUM_DEPTH                      ; 0                    ; Untyped                            ;
; CLOCK_ENABLE_INPUT_A               ; NORMAL               ; Untyped                            ;
; CLOCK_ENABLE_INPUT_B               ; NORMAL               ; Untyped                            ;
; CLOCK_ENABLE_OUTPUT_A              ; NORMAL               ; Untyped                            ;
; CLOCK_ENABLE_OUTPUT_B              ; NORMAL               ; Untyped                            ;
; CLOCK_ENABLE_CORE_A                ; USE_INPUT_CLKEN      ; Untyped                            ;
; CLOCK_ENABLE_CORE_B                ; USE_INPUT_CLKEN      ; Untyped                            ;
; ENABLE_ECC                         ; FALSE                ; Untyped                            ;
; DEVICE_FAMILY                      ; Stratix              ; Untyped                            ;
; CBXI_PARAMETER                     ; altsyncram_n0c1      ; Untyped                            ;
+------------------------------------+----------------------+------------------------------------+
Note: In order to hide this table in the UI and the text report file, please set the "Show Parameter Settings Tables in Synthesis Report" option in "Analysis and Synthesis Settings -> More Settings" to "Off".


+------------------------------------------------------------------------------------------------------------+
; Parameter Settings for User Entity Instance: RONWren:inst8|RON:inst1|lpm_dff3:inst|lpm_ff:lpm_ff_component ;
+------------------------+---------+-------------------------------------------------------------------------+
; Parameter Name         ; Value   ; Type                                                                    ;
+------------------------+---------+-------------------------------------------------------------------------+
; LPM_WIDTH              ; 4       ; Signed Integer                                                          ;
; LPM_AVALUE             ; UNUSED  ; Untyped                                                                 ;
; LPM_SVALUE             ; UNUSED  ; Untyped                                                                 ;
; LPM_FFTYPE             ; DFF     ; Untyped                                                                 ;
; DEVICE_FAMILY          ; Stratix ; Untyped                                                                 ;
; CBXI_PARAMETER         ; NOTHING ; Untyped                                                                 ;
; AUTO_CARRY_CHAINS      ; ON      ; AUTO_CARRY                                                              ;
; IGNORE_CARRY_BUFFERS   ; OFF     ; IGNORE_CARRY                                                            ;
; AUTO_CASCADE_CHAINS    ; ON      ; AUTO_CASCADE                                                            ;
; IGNORE_CASCADE_BUFFERS ; OFF     ; IGNORE_CASCADE                                                          ;
+------------------------+---------+-------------------------------------------------------------------------+
Note: In order to hide this table in the UI and the text report file, please set the "Show Parameter Settings Tables in Synthesis Report" option in "Analysis and Synthesis Settings -> More Settings" to "Off".


+-------------------------------------------------------------------------------------------------------------+
; Parameter Settings for User Entity Instance: RONWren:inst8|RON:inst1|lpm_dff3:inst1|lpm_ff:lpm_ff_component ;
+------------------------+---------+--------------------------------------------------------------------------+
; Parameter Name         ; Value   ; Type                                                                     ;
+------------------------+---------+--------------------------------------------------------------------------+
; LPM_WIDTH              ; 4       ; Signed Integer                                                           ;
; LPM_AVALUE             ; UNUSED  ; Untyped                                                                  ;
; LPM_SVALUE             ; UNUSED  ; Untyped                                                                  ;
; LPM_FFTYPE             ; DFF     ; Untyped                                                                  ;
; DEVICE_FAMILY          ; Stratix ; Untyped                                                                  ;
; CBXI_PARAMETER         ; NOTHING ; Untyped                                                                  ;
; AUTO_CARRY_CHAINS      ; ON      ; AUTO_CARRY                                                               ;
; IGNORE_CARRY_BUFFERS   ; OFF     ; IGNORE_CARRY                                                             ;
; AUTO_CASCADE_CHAINS    ; ON      ; AUTO_CASCADE                                                             ;
; IGNORE_CASCADE_BUFFERS ; OFF     ; IGNORE_CASCADE                                                           ;
+------------------------+---------+--------------------------------------------------------------------------+
Note: In order to hide this table in the UI and the text report file, please set the "Show Parameter Settings Tables in Synthesis Report" option in "Analysis and Synthesis Settings -> More Settings" to "Off".


+-------------------------------------------------------------------------------------------------------------+
; Parameter Settings for User Entity Instance: RONWren:inst8|RON:inst1|lpm_dff3:inst2|lpm_ff:lpm_ff_component ;
+------------------------+---------+--------------------------------------------------------------------------+
; Parameter Name         ; Value   ; Type                                                                     ;
+------------------------+---------+--------------------------------------------------------------------------+
; LPM_WIDTH              ; 4       ; Signed Integer                                                           ;
; LPM_AVALUE             ; UNUSED  ; Untyped                                                                  ;
; LPM_SVALUE             ; UNUSED  ; Untyped                                                                  ;
; LPM_FFTYPE             ; DFF     ; Untyped                                                                  ;
; DEVICE_FAMILY          ; Stratix ; Untyped                                                                  ;
; CBXI_PARAMETER         ; NOTHING ; Untyped                                                                  ;
; AUTO_CARRY_CHAINS      ; ON      ; AUTO_CARRY                                                               ;
; IGNORE_CARRY_BUFFERS   ; OFF     ; IGNORE_CARRY                                                             ;
; AUTO_CASCADE_CHAINS    ; ON      ; AUTO_CASCADE                                                             ;
; IGNORE_CASCADE_BUFFERS ; OFF     ; IGNORE_CASCADE                                                           ;
+------------------------+---------+--------------------------------------------------------------------------+
Note: In order to hide this table in the UI and the text report file, please set the "Show Parameter Settings Tables in Synthesis Report" option in "Analysis and Synthesis Settings -> More Settings" to "Off".


+-------------------------------------------------------------------------------------------------------------+
; Parameter Settings for User Entity Instance: RONWren:inst8|RON:inst1|lpm_dff3:inst3|lpm_ff:lpm_ff_component ;
+------------------------+---------+--------------------------------------------------------------------------+
; Parameter Name         ; Value   ; Type                                                                     ;
+------------------------+---------+--------------------------------------------------------------------------+
; LPM_WIDTH              ; 4       ; Signed Integer                                                           ;
; LPM_AVALUE             ; UNUSED  ; Untyped                                                                  ;
; LPM_SVALUE             ; UNUSED  ; Untyped                                                                  ;
; LPM_FFTYPE             ; DFF     ; Untyped                                                                  ;
; DEVICE_FAMILY          ; Stratix ; Untyped                                                                  ;
; CBXI_PARAMETER         ; NOTHING ; Untyped                                                                  ;
; AUTO_CARRY_CHAINS      ; ON      ; AUTO_CARRY                                                               ;
; IGNORE_CARRY_BUFFERS   ; OFF     ; IGNORE_CARRY                                                             ;
; AUTO_CASCADE_CHAINS    ; ON      ; AUTO_CASCADE                                                             ;
; IGNORE_CASCADE_BUFFERS ; OFF     ; IGNORE_CASCADE                                                           ;
+------------------------+---------+--------------------------------------------------------------------------+
Note: In order to hide this table in the UI and the text report file, please set the "Show Parameter Settings Tables in Synthesis Report" option in "Analysis and Synthesis Settings -> More Settings" to "Off".


+-----------------------------------------------------------------------------------------------+
; altsyncram Parameter Settings by Entity Instance                                              ;
+-------------------------------------------+---------------------------------------------------+
; Name                                      ; Value                                             ;
+-------------------------------------------+---------------------------------------------------+
; Number of entity instances                ; 2                                                 ;
; Entity Instance                           ; lpm_rom3:inst|altsyncram:altsyncram_component     ;
;     -- OPERATION_MODE                     ; ROM                                               ;
;     -- WIDTH_A                            ; 4                                                 ;
;     -- NUMWORDS_A                         ; 256                                               ;
;     -- OUTDATA_REG_A                      ; CLOCK0                                            ;
;     -- WIDTH_B                            ; 1                                                 ;
;     -- NUMWORDS_B                         ; 1                                                 ;
;     -- ADDRESS_REG_B                      ; CLOCK1                                            ;
;     -- OUTDATA_REG_B                      ; UNREGISTERED                                      ;
;     -- RAM_BLOCK_TYPE                     ; AUTO                                              ;
;     -- READ_DURING_WRITE_MODE_MIXED_PORTS ; DONT_CARE                                         ;
; Entity Instance                           ; lpm_ram_dq3:inst3|altsyncram:altsyncram_component ;
;     -- OPERATION_MODE                     ; SINGLE_PORT                                       ;
;     -- WIDTH_A                            ; 4                                                 ;
;     -- NUMWORDS_A                         ; 256                                               ;
;     -- OUTDATA_REG_A                      ; CLOCK0                                            ;
;     -- WIDTH_B                            ; 1                                                 ;
;     -- NUMWORDS_B                         ; 1                                                 ;
;     -- ADDRESS_REG_B                      ; CLOCK1                                            ;
;     -- OUTDATA_REG_B                      ; UNREGISTERED                                      ;
;     -- RAM_BLOCK_TYPE                     ; AUTO                                              ;
;     -- READ_DURING_WRITE_MODE_MIXED_PORTS ; DONT_CARE                                         ;
+-------------------------------------------+---------------------------------------------------+


+-------------------------------+
; Analysis & Synthesis Messages ;
+-------------------------------+
Info: *******************************************************************
Info: Running Quartus II Analysis & Synthesis
    Info: Version 9.1 Build 222 10/21/2009 SJ Web Edition
    Info: Processing started: Tue Oct 17 12:27:09 2017
Info: Command: quartus_map --read_settings_files=on --write_settings_files=off SIFL4 -c SIFL4
Info: Found 1 design units, including 1 entities, in source file sifl4.bdf
    Info: Found entity 1: SIFL4
Info: Found 1 design units, including 1 entities, in source file busenable.bdf
    Info: Found entity 1: BusEnable
Info: Found 1 design units, including 1 entities, in source file busenable7.bdf
    Info: Found entity 1: BusEnable7
Info: Found 1 design units, including 1 entities, in source file busor.bdf
    Info: Found entity 1: BusOr
Info: Found 1 design units, including 1 entities, in source file bussum2.bdf
    Info: Found entity 1: BUSSUM2
Info: Found 1 design units, including 1 entities, in source file bussum5.bdf
    Info: Found entity 1: BUSSUM5
Info: Found 1 design units, including 1 entities, in source file counter8.bdf
    Info: Found entity 1: Counter8
Info: Found 1 design units, including 1 entities, in source file demuxbus.bdf
    Info: Found entity 1: DemuxBUS
Info: Found 1 design units, including 1 entities, in source file divergentblock.bdf
    Info: Found entity 1: DivergentBlock
Info: Found 1 design units, including 1 entities, in source file l3.bdf
    Info: Found entity 1: L3
Info: Found 1 design units, including 1 entities, in source file mux2x1.bdf
    Info: Found entity 1: MUX2x1
Info: Found 1 design units, including 1 entities, in source file flagsregister.bdf
    Info: Found entity 1: FlagsRegister
Info: Found 2 design units, including 1 entities, in source file lpm_dff3.vhd
    Info: Found design unit 1: lpm_dff3-SYN
    Info: Found entity 1: lpm_dff3
Info: Found 1 design units, including 1 entities, in source file ron.bdf
    Info: Found entity 1: RON
Info: Found 1 design units, including 1 entities, in source file decoder.bdf
    Info: Found entity 1: Decoder
Info: Found 2 design units, including 1 entities, in source file lpm_or0.vhd
    Info: Found design unit 1: lpm_or0-SYN
    Info: Found entity 1: lpm_or0
Info: Found 1 design units, including 1 entities, in source file ronwren.bdf
    Info: Found entity 1: RONWren
Info: Found 2 design units, including 1 entities, in source file lpm_or1.vhd
    Info: Found design unit 1: lpm_or1-SYN
    Info: Found entity 1: lpm_or1
Info: Found 2 design units, including 1 entities, in source file lpm_dff4.vhd
    Info: Found design unit 1: lpm_dff4-SYN
    Info: Found entity 1: lpm_dff4
Info: Found 1 design units, including 1 entities, in source file ip.bdf
    Info: Found entity 1: IP
Info: Found 2 design units, including 1 entities, in source file lpm_inv0.vhd
    Info: Found design unit 1: lpm_inv0-SYN
    Info: Found entity 1: lpm_inv0
Info: Found 2 design units, including 1 entities, in source file lpm_rom3.vhd
    Info: Found design unit 1: lpm_rom3-SYN
    Info: Found entity 1: lpm_rom3
Info: Found 2 design units, including 1 entities, in source file lpm_ram_dq3.vhd
    Info: Found design unit 1: lpm_ram_dq3-SYN
    Info: Found entity 1: lpm_ram_dq3
Info: Found 2 design units, including 1 entities, in source file lpm_dff5.vhd
    Info: Found design unit 1: lpm_dff5-SYN
    Info: Found entity 1: lpm_dff5
Info: Found 1 design units, including 1 entities, in source file commanddecoder.bdf
    Info: Found entity 1: commandDecoder
Info: Found 1 design units, including 1 entities, in source file adapter8x4.bdf
    Info: Found entity 1: adapter8x4
Info: Found 2 design units, including 1 entities, in source file lpm_counter0.vhd
    Info: Found design unit 1: lpm_counter0-SYN
    Info: Found entity 1: lpm_counter0
Info: Found 2 design units, including 1 entities, in source file lpm_counter1.vhd
    Info: Found design unit 1: lpm_counter1-SYN
    Info: Found entity 1: lpm_counter1
Info: Found 1 design units, including 1 entities, in source file test.bdf
    Info: Found entity 1: test
Info: Found 1 design units, including 1 entities, in source file manage.bdf
    Info: Found entity 1: Manage
Info: Found 2 design units, including 1 entities, in source file lpm_or2.vhd
    Info: Found design unit 1: lpm_or2-SYN
    Info: Found entity 1: lpm_or2
Info: Found 2 design units, including 1 entities, in source file lpm_or3.vhd
    Info: Found design unit 1: lpm_or3-SYN
    Info: Found entity 1: lpm_or3
Info: Found 1 design units, including 1 entities, in source file block2.bdf
    Info: Found entity 1: Block2
Info: Found 2 design units, including 1 entities, in source file lpm_or4.vhd
    Info: Found design unit 1: lpm_or4-SYN
    Info: Found entity 1: lpm_or4
Info: Found 1 design units, including 1 entities, in source file commandadapter.bdf
    Info: Found entity 1: CommandAdapter
Info: Elaborating entity "SIFL4" for the top level hierarchy
Info: Elaborating entity "Manage" for hierarchy "Manage:inst12"
Info: Elaborating entity "commandDecoder" for hierarchy "Manage:inst12|commandDecoder:inst5"
Info: Elaborating entity "adapter8x4" for hierarchy "Manage:inst12|commandDecoder:inst5|adapter8x4:inst1"
Info: Elaborating entity "CommandAdapter" for hierarchy "Manage:inst12|CommandAdapter:inst1"
Info: Elaborating entity "DivergentBlock" for hierarchy "Manage:inst12|DivergentBlock:inst15"
Info: Elaborating entity "16dmux" for hierarchy "Manage:inst12|DivergentBlock:inst15|16dmux:inst"
Info: Elaborated megafunction instantiation "Manage:inst12|DivergentBlock:inst15|16dmux:inst"
Info: Elaborating entity "74163" for hierarchy "Manage:inst12|DivergentBlock:inst15|74163:inst1"
Info: Elaborated megafunction instantiation "Manage:inst12|DivergentBlock:inst15|74163:inst1"
Info: Elaborating entity "f74163" for hierarchy "Manage:inst12|DivergentBlock:inst15|74163:inst1|f74163:sub"
Info: Elaborated megafunction instantiation "Manage:inst12|DivergentBlock:inst15|74163:inst1|f74163:sub", which is child of megafunction instantiation "Manage:inst12|DivergentBlock:inst15|74163:inst1"
Info: Elaborating entity "lpm_dff5" for hierarchy "Manage:inst12|lpm_dff5:inst7"
Info: Elaborating entity "lpm_ff" for hierarchy "Manage:inst12|lpm_dff5:inst7|lpm_ff:lpm_ff_component"
Info: Elaborated megafunction instantiation "Manage:inst12|lpm_dff5:inst7|lpm_ff:lpm_ff_component"
Info: Instantiated megafunction "Manage:inst12|lpm_dff5:inst7|lpm_ff:lpm_ff_component" with the following parameter:
    Info: Parameter "lpm_fftype" = "DFF"
    Info: Parameter "lpm_type" = "LPM_FF"
    Info: Parameter "lpm_width" = "4"
Info: Elaborating entity "IP" for hierarchy "Manage:inst12|IP:inst8"
Info: Elaborating entity "lpm_counter1" for hierarchy "Manage:inst12|IP:inst8|lpm_counter1:inst19"
Info: Elaborating entity "lpm_counter" for hierarchy "Manage:inst12|IP:inst8|lpm_counter1:inst19|lpm_counter:lpm_counter_component"
Info: Elaborated megafunction instantiation "Manage:inst12|IP:inst8|lpm_counter1:inst19|lpm_counter:lpm_counter_component"
Info: Instantiated megafunction "Manage:inst12|IP:inst8|lpm_counter1:inst19|lpm_counter:lpm_counter_component" with the following parameter:
    Info: Parameter "lpm_direction" = "UP"
    Info: Parameter "lpm_port_updown" = "PORT_UNUSED"
    Info: Parameter "lpm_type" = "LPM_COUNTER"
    Info: Parameter "lpm_width" = "8"
Info: Found 1 design units, including 1 entities, in source file db/cntr_kdi.tdf
    Info: Found entity 1: cntr_kdi
Info: Elaborating entity "cntr_kdi" for hierarchy "Manage:inst12|IP:inst8|lpm_counter1:inst19|lpm_counter:lpm_counter_component|cntr_kdi:auto_generated"
Info: Elaborating entity "BUSMUX" for hierarchy "Manage:inst12|IP:inst8|BUSMUX:inst2"
Info: Elaborated megafunction instantiation "Manage:inst12|IP:inst8|BUSMUX:inst2"
Info: Instantiated megafunction "Manage:inst12|IP:inst8|BUSMUX:inst2" with the following parameter:
    Info: Parameter "WIDTH" = "8"
Info: Elaborating entity "lpm_mux" for hierarchy "Manage:inst12|IP:inst8|BUSMUX:inst2|lpm_mux:$00000"
Info: Elaborated megafunction instantiation "Manage:inst12|IP:inst8|BUSMUX:inst2|lpm_mux:$00000", which is child of megafunction instantiation "Manage:inst12|IP:inst8|BUSMUX:inst2"
Info: Found 1 design units, including 1 entities, in source file db/mux_cgc.tdf
    Info: Found entity 1: mux_cgc
Info: Elaborating entity "mux_cgc" for hierarchy "Manage:inst12|IP:inst8|BUSMUX:inst2|lpm_mux:$00000|mux_cgc:auto_generated"
Info: Elaborating entity "FlagsRegister" for hierarchy "Manage:inst12|FlagsRegister:inst3"
Info: Elaborating entity "lpm_or3" for hierarchy "lpm_or3:inst11"
Info: Elaborating entity "LPM_OR" for hierarchy "lpm_or3:inst11|LPM_OR:lpm_or_component"
Info: Elaborated megafunction instantiation "lpm_or3:inst11|LPM_OR:lpm_or_component"
Info: Instantiated megafunction "lpm_or3:inst11|LPM_OR:lpm_or_component" with the following parameter:
    Info: Parameter "LPM_WIDTH" = "4"
    Info: Parameter "LPM_SIZE" = "2"
    Info: Parameter "LPM_TYPE" = "LPM_OR"
    Info: Parameter "LPM_HINT" = "UNUSED"
Info: Elaborating entity "BusEnable" for hierarchy "BusEnable:inst9"
Info: Elaborating entity "lpm_rom3" for hierarchy "lpm_rom3:inst"
Info: Elaborating entity "altsyncram" for hierarchy "lpm_rom3:inst|altsyncram:altsyncram_component"
Info: Elaborated megafunction instantiation "lpm_rom3:inst|altsyncram:altsyncram_component"
Info: Instantiated megafunction "lpm_rom3:inst|altsyncram:altsyncram_component" with the following parameter:
    Info: Parameter "address_aclr_a" = "NONE"
    Info: Parameter "init_file" = "Commands.hex"
    Info: Parameter "intended_device_family" = "Stratix"
    Info: Parameter "lpm_hint" = "ENABLE_RUNTIME_MOD=NO"
    Info: Parameter "lpm_type" = "altsyncram"
    Info: Parameter "numwords_a" = "256"
    Info: Parameter "operation_mode" = "ROM"
    Info: Parameter "outdata_aclr_a" = "NONE"
    Info: Parameter "outdata_reg_a" = "CLOCK0"
    Info: Parameter "widthad_a" = "8"
    Info: Parameter "width_a" = "4"
    Info: Parameter "width_byteena_a" = "1"
Info: Found 1 design units, including 1 entities, in source file db/altsyncram_7a31.tdf
    Info: Found entity 1: altsyncram_7a31
Info: Elaborating entity "altsyncram_7a31" for hierarchy "lpm_rom3:inst|altsyncram:altsyncram_component|altsyncram_7a31:auto_generated"
Info: Elaborating entity "lpm_or4" for hierarchy "lpm_or4:inst17"
Info: Elaborating entity "LPM_OR" for hierarchy "lpm_or4:inst17|LPM_OR:lpm_or_component"
Info: Elaborated megafunction instantiation "lpm_or4:inst17|LPM_OR:lpm_or_component"
Info: Instantiated megafunction "lpm_or4:inst17|LPM_OR:lpm_or_component" with the following parameter:
    Info: Parameter "LPM_WIDTH" = "8"
    Info: Parameter "LPM_SIZE" = "2"
    Info: Parameter "LPM_TYPE" = "LPM_OR"
    Info: Parameter "LPM_HINT" = "UNUSED"
Info: Elaborating entity "BusEnable7" for hierarchy "BusEnable7:inst14"
Info: Elaborating entity "lpm_ram_dq3" for hierarchy "lpm_ram_dq3:inst3"
Info: Elaborating entity "altsyncram" for hierarchy "lpm_ram_dq3:inst3|altsyncram:altsyncram_component"
Info: Elaborated megafunction instantiation "lpm_ram_dq3:inst3|altsyncram:altsyncram_component"
Info: Instantiated megafunction "lpm_ram_dq3:inst3|altsyncram:altsyncram_component" with the following parameter:
    Info: Parameter "address_aclr_a" = "NONE"
    Info: Parameter "indata_aclr_a" = "NONE"
    Info: Parameter "init_file" = "RAM.hex"
    Info: Parameter "intended_device_family" = "Stratix"
    Info: Parameter "lpm_hint" = "ENABLE_RUNTIME_MOD=NO"
    Info: Parameter "lpm_type" = "altsyncram"
    Info: Parameter "numwords_a" = "256"
    Info: Parameter "operation_mode" = "SINGLE_PORT"
    Info: Parameter "outdata_aclr_a" = "NONE"
    Info: Parameter "outdata_reg_a" = "CLOCK0"
    Info: Parameter "power_up_uninitialized" = "FALSE"
    Info: Parameter "widthad_a" = "8"
    Info: Parameter "width_a" = "4"
    Info: Parameter "width_byteena_a" = "1"
    Info: Parameter "wrcontrol_aclr_a" = "NONE"
Info: Found 1 design units, including 1 entities, in source file db/altsyncram_n0c1.tdf
    Info: Found entity 1: altsyncram_n0c1
Info: Elaborating entity "altsyncram_n0c1" for hierarchy "lpm_ram_dq3:inst3|altsyncram:altsyncram_component|altsyncram_n0c1:auto_generated"
Info: Elaborating entity "RONWren" for hierarchy "RONWren:inst8"
Info: Elaborating entity "RON" for hierarchy "RONWren:inst8|RON:inst1"
Info: Elaborating entity "lpm_dff3" for hierarchy "RONWren:inst8|RON:inst1|lpm_dff3:inst"
Info: Elaborating entity "Decoder" for hierarchy "RONWren:inst8|Decoder:inst"
Warning: Clock multiplexers are found and protected
    Warning: Found clock multiplexer Manage:inst12|inst6~synth
    Warning: Found clock multiplexer inst13~synth
Info: Converted 1 single input CARRY primitives to CARRY_SUM primitives
Info: Implemented 172 device resources after synthesis - the final resource count might be different
    Info: Implemented 1 input pins
    Info: Implemented 68 output pins
    Info: Implemented 95 logic cells
    Info: Implemented 8 RAM segments
Info: Quartus II Analysis & Synthesis was successful. 0 errors, 3 warnings
    Info: Peak virtual memory: 274 megabytes
    Info: Processing ended: Tue Oct 17 12:27:13 2017
    Info: Elapsed time: 00:00:04
    Info: Total CPU time (on all processors): 00:00:04


