Flow report for L3
Tue Oct 03 17:14:13 2017
Quartus II Version 9.1 Build 222 10/21/2009 SJ Web Edition


---------------------
; Table of Contents ;
---------------------
  1. Legal Notice
  2. Flow Summary
  3. Flow Settings
  4. Flow Non-Default Global Settings
  5. Flow Elapsed Time
  6. Flow OS Summary
  7. Flow Log



----------------
; Legal Notice ;
----------------
Copyright (C) 1991-2009 Altera Corporation
Your use of Altera Corporation's design tools, logic functions 
and other software and tools, and its AMPP partner logic 
functions, and any output files from any of the foregoing 
(including device programming or simulation files), and any 
associated documentation or information are expressly subject 
to the terms and conditions of the Altera Program License 
Subscription Agreement, Altera MegaCore Function License 
Agreement, or other applicable license agreement, including, 
without limitation, that your use is for the sole purpose of 
programming logic devices manufactured by Altera and sold by 
Altera or its authorized distributors.  Please refer to the 
applicable agreement for further details.



+--------------------------------------------------------------------+
; Flow Summary                                                       ;
+--------------------------+-----------------------------------------+
; Flow Status              ; Flow Failed - Tue Oct 03 17:14:13 2017  ;
; Quartus II Version       ; 9.1 Build 222 10/21/2009 SJ Web Edition ;
; Revision Name            ; L3                                      ;
; Top-level Entity Name    ; L3                                      ;
; Family                   ; Stratix                                 ;
; Met timing requirements  ; N/A                                     ;
; Total logic elements     ; N/A until Partition Merge               ;
; Total pins               ; N/A until Partition Merge               ;
; Total virtual pins       ; N/A until Partition Merge               ;
; Total memory bits        ; N/A until Partition Merge               ;
; DSP block 9-bit elements ; N/A until Partition Merge               ;
; Total PLLs               ; N/A until Partition Merge               ;
; Total DLLs               ; N/A until Partition Merge               ;
+--------------------------+-----------------------------------------+


+-----------------------------------------+
; Flow Settings                           ;
+-------------------+---------------------+
; Option            ; Setting             ;
+-------------------+---------------------+
; Start date & time ; 10/03/2017 17:14:11 ;
; Main task         ; Compilation         ;
; Revision Name     ; L3                  ;
+-------------------+---------------------+


+----------------------------------------------------------------------------------------------------------------------+
; Flow Non-Default Global Settings                                                                                     ;
+-------------------------------------+---------------------------------+---------------+-------------+----------------+
; Assignment Name                     ; Value                           ; Default Value ; Entity Name ; Section Id     ;
+-------------------------------------+---------------------------------+---------------+-------------+----------------+
; COMPILER_SIGNATURE_ID               ; 202898072846623.150704005102240 ; --            ; --          ; --             ;
; IP_TOOL_NAME                        ; LPM_ROM                         ; --            ; --          ; --             ;
; IP_TOOL_NAME                        ; LPM_ROM                         ; --            ; --          ; --             ;
; IP_TOOL_NAME                        ; LPM_RAM_DQ                      ; --            ; --          ; --             ;
; IP_TOOL_NAME                        ; LPM_FF                          ; --            ; --          ; --             ;
; IP_TOOL_NAME                        ; LPM_RAM_DQ                      ; --            ; --          ; --             ;
; IP_TOOL_NAME                        ; LPM_FF                          ; --            ; --          ; --             ;
; IP_TOOL_NAME                        ; LPM_RAM_DQ                      ; --            ; --          ; --             ;
; IP_TOOL_NAME                        ; LPM_ROM                         ; --            ; --          ; --             ;
; IP_TOOL_NAME                        ; LPM_FF                          ; --            ; --          ; --             ;
; IP_TOOL_VERSION                     ; 9.1                             ; --            ; --          ; --             ;
; IP_TOOL_VERSION                     ; 9.1                             ; --            ; --          ; --             ;
; IP_TOOL_VERSION                     ; 9.1                             ; --            ; --          ; --             ;
; IP_TOOL_VERSION                     ; 9.1                             ; --            ; --          ; --             ;
; IP_TOOL_VERSION                     ; 9.1                             ; --            ; --          ; --             ;
; IP_TOOL_VERSION                     ; 9.1                             ; --            ; --          ; --             ;
; IP_TOOL_VERSION                     ; 9.1                             ; --            ; --          ; --             ;
; IP_TOOL_VERSION                     ; 9.1                             ; --            ; --          ; --             ;
; IP_TOOL_VERSION                     ; 9.1                             ; --            ; --          ; --             ;
; MISC_FILE                           ; lpm_rom0.bsf                    ; --            ; --          ; --             ;
; MISC_FILE                           ; lpm_rom0_inst.vhd               ; --            ; --          ; --             ;
; MISC_FILE                           ; lpm_rom0.inc                    ; --            ; --          ; --             ;
; MISC_FILE                           ; lpm_rom0.cmp                    ; --            ; --          ; --             ;
; MISC_FILE                           ; lpm_rom1.bsf                    ; --            ; --          ; --             ;
; MISC_FILE                           ; lpm_rom1_inst.vhd               ; --            ; --          ; --             ;
; MISC_FILE                           ; lpm_rom1.inc                    ; --            ; --          ; --             ;
; MISC_FILE                           ; lpm_rom1.cmp                    ; --            ; --          ; --             ;
; MISC_FILE                           ; lpm_ram_dq0.bsf                 ; --            ; --          ; --             ;
; MISC_FILE                           ; lpm_ram_dq0_inst.vhd            ; --            ; --          ; --             ;
; MISC_FILE                           ; lpm_ram_dq0.inc                 ; --            ; --          ; --             ;
; MISC_FILE                           ; lpm_ram_dq0.cmp                 ; --            ; --          ; --             ;
; MISC_FILE                           ; lpm_dff0.bsf                    ; --            ; --          ; --             ;
; MISC_FILE                           ; lpm_dff0_inst.vhd               ; --            ; --          ; --             ;
; MISC_FILE                           ; lpm_dff0.inc                    ; --            ; --          ; --             ;
; MISC_FILE                           ; lpm_dff0.cmp                    ; --            ; --          ; --             ;
; MISC_FILE                           ; lpm_ram_dq1.bsf                 ; --            ; --          ; --             ;
; MISC_FILE                           ; lpm_ram_dq1_inst.vhd            ; --            ; --          ; --             ;
; MISC_FILE                           ; lpm_ram_dq1.inc                 ; --            ; --          ; --             ;
; MISC_FILE                           ; lpm_ram_dq1.cmp                 ; --            ; --          ; --             ;
; MISC_FILE                           ; lpm_dff1.bsf                    ; --            ; --          ; --             ;
; MISC_FILE                           ; lpm_dff1_inst.vhd               ; --            ; --          ; --             ;
; MISC_FILE                           ; lpm_dff1.inc                    ; --            ; --          ; --             ;
; MISC_FILE                           ; lpm_dff1.cmp                    ; --            ; --          ; --             ;
; MISC_FILE                           ; lpm_ram_dq2.bsf                 ; --            ; --          ; --             ;
; MISC_FILE                           ; lpm_ram_dq2_inst.vhd            ; --            ; --          ; --             ;
; MISC_FILE                           ; lpm_ram_dq2.inc                 ; --            ; --          ; --             ;
; MISC_FILE                           ; lpm_ram_dq2.cmp                 ; --            ; --          ; --             ;
; MISC_FILE                           ; lpm_rom2.bsf                    ; --            ; --          ; --             ;
; MISC_FILE                           ; lpm_rom2_inst.vhd               ; --            ; --          ; --             ;
; MISC_FILE                           ; lpm_rom2.inc                    ; --            ; --          ; --             ;
; MISC_FILE                           ; lpm_rom2.cmp                    ; --            ; --          ; --             ;
; MISC_FILE                           ; lpm_dff2.bsf                    ; --            ; --          ; --             ;
; MISC_FILE                           ; lpm_dff2_inst.vhd               ; --            ; --          ; --             ;
; MISC_FILE                           ; lpm_dff2.inc                    ; --            ; --          ; --             ;
; MISC_FILE                           ; lpm_dff2.cmp                    ; --            ; --          ; --             ;
; PARTITION_COLOR                     ; 16764057                        ; --            ; --          ; Top            ;
; PARTITION_FITTER_PRESERVATION_LEVEL ; PLACEMENT_AND_ROUTING           ; --            ; --          ; Top            ;
; PARTITION_NETLIST_TYPE              ; SOURCE                          ; --            ; --          ; Top            ;
; USE_GENERATED_PHYSICAL_CONSTRAINTS  ; Off                             ; --            ; --          ; eda_blast_fpga ;
+-------------------------------------+---------------------------------+---------------+-------------+----------------+


+--------------------------------------------------------------------------------------------------------------------------+
; Flow Elapsed Time                                                                                                        ;
+----------------------+--------------+-------------------------+---------------------+------------------------------------+
; Module Name          ; Elapsed Time ; Average Processors Used ; Peak Virtual Memory ; Total CPU Time (on all processors) ;
+----------------------+--------------+-------------------------+---------------------+------------------------------------+
; Analysis & Synthesis ; 00:00:03     ; 1.0                     ; 250 MB              ; 00:00:05                           ;
; Total                ; 00:00:03     ; --                      ; --                  ; 00:00:05                           ;
+----------------------+--------------+-------------------------+---------------------+------------------------------------+


+---------------------------------------------------------------------------------------+
; Flow OS Summary                                                                       ;
+----------------------+------------------+---------------+------------+----------------+
; Module Name          ; Machine Hostname ; OS Name       ; OS Version ; Processor type ;
+----------------------+------------------+---------------+------------+----------------+
; Analysis & Synthesis ; DESKTOP-L54QHKG  ; Windows Vista ; 6.2        ; x86_64         ;
+----------------------+------------------+---------------+------------+----------------+


------------
; Flow Log ;
------------
quartus_map --read_settings_files=on --write_settings_files=off L3 -c L3



